{
  "time": "2024-04-11 13:18:40",
  "level": "SUCCESS",
  "ns": "global",
  "ans": "global",
  "topenv": "R_GlobalEnv",
  "fn": "setup_logging",
  "node": "Prashanths-MacBook-Pro.local",
  "arch": "x86_64",
  "os_name": "Darwin",
  "os_release": "22.6.0",
  "os_version": "Darwin Kernel Version 22.6.0: Mon Feb 19 19:48:53 PST 2024; root:xnu-8796.141.3.704.6~1/RELEASE_X86_64",
  "pid": 29245,
  "user": "praishnavi",
  "msg": "[\"Completed configuring logging\"]"
}
{
  "time": "2024-04-11 13:18:40",
  "level": "TRACE",
  "ns": "namespace:io",
  "ans": "global",
  "topenv": "namespace:io",
  "fn": "read_data.exercises",
  "node": "Prashanths-MacBook-Pro.local",
  "arch": "x86_64",
  "os_name": "Darwin",
  "os_release": "22.6.0",
  "os_version": "Darwin Kernel Version 22.6.0: Mon Feb 19 19:48:53 PST 2024; root:xnu-8796.141.3.704.6~1/RELEASE_X86_64",
  "pid": 29245,
  "user": "praishnavi",
  "msg": "[\"Exercises data\"]"
}
{
  "time": "2024-04-11 13:18:40",
  "level": "INFO",
  "ns": "namespace:io",
  "ans": "global",
  "topenv": "namespace:io",
  "fn": "read_data.default",
  "node": "Prashanths-MacBook-Pro.local",
  "arch": "x86_64",
  "os_name": "Darwin",
  "os_release": "22.6.0",
  "os_version": "Darwin Kernel Version 22.6.0: Mon Feb 19 19:48:53 PST 2024; root:xnu-8796.141.3.704.6~1/RELEASE_X86_64",
  "pid": 29245,
  "user": "praishnavi",
  "msg": "[\"Reading data from ../data/processed/exercises.rds\"]"
}
{
  "time": "2024-04-11 13:18:40",
  "level": "SUCCESS",
  "ns": "namespace:io",
  "ans": "global",
  "topenv": "namespace:io",
  "fn": "doTryCatch",
  "node": "Prashanths-MacBook-Pro.local",
  "arch": "x86_64",
  "os_name": "Darwin",
  "os_release": "22.6.0",
  "os_version": "Darwin Kernel Version 22.6.0: Mon Feb 19 19:48:53 PST 2024; root:xnu-8796.141.3.704.6~1/RELEASE_X86_64",
  "pid": 29245,
  "user": "praishnavi",
  "msg": "[\"Successfully read data from ../data/processed/exercises.rds; \"]"
}
{
  "time": "2024-04-11 13:18:40",
  "level": "DEBUG",
  "ns": "namespace:io",
  "ans": "global",
  "topenv": "namespace:io",
  "fn": "doTryCatch",
  "node": "Prashanths-MacBook-Pro.local",
  "arch": "x86_64",
  "os_name": "Darwin",
  "os_release": "22.6.0",
  "os_version": "Darwin Kernel Version 22.6.0: Mon Feb 19 19:48:53 PST 2024; root:xnu-8796.141.3.704.6~1/RELEASE_X86_64",
  "pid": 29245,
  "user": "praishnavi",
  "msg": "[\"Rows: 25; \",\"Columns: |duration_mins, type, calories_burned, date, time|\"]"
}
{
  "time": "2024-04-11 13:18:40",
  "level": "INFO",
  "ns": "namespace:analyze",
  "ans": "global",
  "topenv": "namespace:analyze",
  "fn": "add_time_bands.exercises",
  "node": "Prashanths-MacBook-Pro.local",
  "arch": "x86_64",
  "os_name": "Darwin",
  "os_release": "22.6.0",
  "os_version": "Darwin Kernel Version 22.6.0: Mon Feb 19 19:48:53 PST 2024; root:xnu-8796.141.3.704.6~1/RELEASE_X86_64",
  "pid": 29245,
  "user": "praishnavi",
  "msg": "[\"Adding time bands to exercises\"]"
}
{
  "time": "2024-04-11 13:18:40",
  "level": "SUCCESS",
  "ns": "namespace:analyze",
  "ans": "global",
  "topenv": "namespace:analyze",
  "fn": "add_time_bands.default",
  "node": "Prashanths-MacBook-Pro.local",
  "arch": "x86_64",
  "os_name": "Darwin",
  "os_release": "22.6.0",
  "os_version": "Darwin Kernel Version 22.6.0: Mon Feb 19 19:48:53 PST 2024; root:xnu-8796.141.3.704.6~1/RELEASE_X86_64",
  "pid": 29245,
  "user": "praishnavi",
  "msg": "[\"Added time bands\",\"Median: 08:10:00\",\"UCL Offset: 00:45:00\",\"LCL Offset: 00:45:00\"]"
}
{
  "time": "2024-04-11 13:18:40",
  "level": "SUCCESS",
  "ns": "namespace:io",
  "ans": "global",
  "topenv": "namespace:io",
  "fn": "doTryCatch",
  "node": "Prashanths-MacBook-Pro.local",
  "arch": "x86_64",
  "os_name": "Darwin",
  "os_release": "22.6.0",
  "os_version": "Darwin Kernel Version 22.6.0: Mon Feb 19 19:48:53 PST 2024; root:xnu-8796.141.3.704.6~1/RELEASE_X86_64",
  "pid": 29245,
  "user": "praishnavi",
  "msg": "[\"✓ exercises-time-bands.rds data saved to: ../analysis/exercises-time-bands.rds\"]"
}
{
  "time": "2024-04-11 13:18:40",
  "level": "INFO",
  "ns": "namespace:io",
  "ans": "global",
  "topenv": "namespace:io",
  "fn": "read_data.default",
  "node": "Prashanths-MacBook-Pro.local",
  "arch": "x86_64",
  "os_name": "Darwin",
  "os_release": "22.6.0",
  "os_version": "Darwin Kernel Version 22.6.0: Mon Feb 19 19:48:53 PST 2024; root:xnu-8796.141.3.704.6~1/RELEASE_X86_64",
  "pid": 29245,
  "user": "praishnavi",
  "msg": "[\"Reading data from ../data/processed/meals.rds\"]"
}
{
  "time": "2024-04-11 13:18:40",
  "level": "SUCCESS",
  "ns": "namespace:io",
  "ans": "global",
  "topenv": "namespace:io",
  "fn": "doTryCatch",
  "node": "Prashanths-MacBook-Pro.local",
  "arch": "x86_64",
  "os_name": "Darwin",
  "os_release": "22.6.0",
  "os_version": "Darwin Kernel Version 22.6.0: Mon Feb 19 19:48:53 PST 2024; root:xnu-8796.141.3.704.6~1/RELEASE_X86_64",
  "pid": 29245,
  "user": "praishnavi",
  "msg": "[\"Successfully read data from ../data/processed/meals.rds; \"]"
}
{
  "time": "2024-04-11 13:18:40",
  "level": "DEBUG",
  "ns": "namespace:io",
  "ans": "global",
  "topenv": "namespace:io",
  "fn": "doTryCatch",
  "node": "Prashanths-MacBook-Pro.local",
  "arch": "x86_64",
  "os_name": "Darwin",
  "os_release": "22.6.0",
  "os_version": "Darwin Kernel Version 22.6.0: Mon Feb 19 19:48:53 PST 2024; root:xnu-8796.141.3.704.6~1/RELEASE_X86_64",
  "pid": 29245,
  "user": "praishnavi",
  "msg": "[\"Rows: 121; \",\"Columns: |type, description, date, time, common_type|\"]"
}
{
  "time": "2024-04-11 13:18:40",
  "level": "INFO",
  "ns": "namespace:analyze",
  "ans": "global",
  "topenv": "namespace:analyze",
  "fn": "add_time_bands.meals",
  "node": "Prashanths-MacBook-Pro.local",
  "arch": "x86_64",
  "os_name": "Darwin",
  "os_release": "22.6.0",
  "os_version": "Darwin Kernel Version 22.6.0: Mon Feb 19 19:48:53 PST 2024; root:xnu-8796.141.3.704.6~1/RELEASE_X86_64",
  "pid": 29245,
  "user": "praishnavi",
  "msg": "[\"Adding time bands to meals\"]"
}
{
  "time": "2024-04-11 13:18:40",
  "level": "INFO",
  "ns": "namespace:analyze",
  "ans": "global",
  "topenv": "namespace:analyze",
  "fn": ".f",
  "node": "Prashanths-MacBook-Pro.local",
  "arch": "x86_64",
  "os_name": "Darwin",
  "os_release": "22.6.0",
  "os_version": "Darwin Kernel Version 22.6.0: Mon Feb 19 19:48:53 PST 2024; root:xnu-8796.141.3.704.6~1/RELEASE_X86_64",
  "pid": 29245,
  "user": "praishnavi",
  "msg": "[\"Adding time bands to meal: breakfast\"]"
}
{
  "time": "2024-04-11 13:18:40",
  "level": "SUCCESS",
  "ns": "namespace:analyze",
  "ans": "global",
  "topenv": "namespace:analyze",
  "fn": "add_time_bands.default",
  "node": "Prashanths-MacBook-Pro.local",
  "arch": "x86_64",
  "os_name": "Darwin",
  "os_release": "22.6.0",
  "os_version": "Darwin Kernel Version 22.6.0: Mon Feb 19 19:48:53 PST 2024; root:xnu-8796.141.3.704.6~1/RELEASE_X86_64",
  "pid": 29245,
  "user": "praishnavi",
  "msg": "[\"Added time bands\",\"Median: 10:05:30\",\"UCL Offset: 00:45:00\",\"LCL Offset: 00:30:00\"]"
}
{
  "time": "2024-04-11 13:18:40",
  "level": "INFO",
  "ns": "namespace:analyze",
  "ans": "global",
  "topenv": "namespace:analyze",
  "fn": ".f",
  "node": "Prashanths-MacBook-Pro.local",
  "arch": "x86_64",
  "os_name": "Darwin",
  "os_release": "22.6.0",
  "os_version": "Darwin Kernel Version 22.6.0: Mon Feb 19 19:48:53 PST 2024; root:xnu-8796.141.3.704.6~1/RELEASE_X86_64",
  "pid": 29245,
  "user": "praishnavi",
  "msg": "[\"Adding time bands to meal: lunch\"]"
}
{
  "time": "2024-04-11 13:18:40",
  "level": "SUCCESS",
  "ns": "namespace:analyze",
  "ans": "global",
  "topenv": "namespace:analyze",
  "fn": "add_time_bands.default",
  "node": "Prashanths-MacBook-Pro.local",
  "arch": "x86_64",
  "os_name": "Darwin",
  "os_release": "22.6.0",
  "os_version": "Darwin Kernel Version 22.6.0: Mon Feb 19 19:48:53 PST 2024; root:xnu-8796.141.3.704.6~1/RELEASE_X86_64",
  "pid": 29245,
  "user": "praishnavi",
  "msg": "[\"Added time bands\",\"Median: 13:57:00\",\"UCL Offset: 00:45:00\",\"LCL Offset: 00:30:00\"]"
}
{
  "time": "2024-04-11 13:18:40",
  "level": "INFO",
  "ns": "namespace:analyze",
  "ans": "global",
  "topenv": "namespace:analyze",
  "fn": ".f",
  "node": "Prashanths-MacBook-Pro.local",
  "arch": "x86_64",
  "os_name": "Darwin",
  "os_release": "22.6.0",
  "os_version": "Darwin Kernel Version 22.6.0: Mon Feb 19 19:48:53 PST 2024; root:xnu-8796.141.3.704.6~1/RELEASE_X86_64",
  "pid": 29245,
  "user": "praishnavi",
  "msg": "[\"Adding time bands to meal: dinner\"]"
}
{
  "time": "2024-04-11 13:18:40",
  "level": "SUCCESS",
  "ns": "namespace:analyze",
  "ans": "global",
  "topenv": "namespace:analyze",
  "fn": "add_time_bands.default",
  "node": "Prashanths-MacBook-Pro.local",
  "arch": "x86_64",
  "os_name": "Darwin",
  "os_release": "22.6.0",
  "os_version": "Darwin Kernel Version 22.6.0: Mon Feb 19 19:48:53 PST 2024; root:xnu-8796.141.3.704.6~1/RELEASE_X86_64",
  "pid": 29245,
  "user": "praishnavi",
  "msg": "[\"Added time bands\",\"Median: 19:50:00\",\"UCL Offset: 00:45:00\",\"LCL Offset: 00:30:00\"]"
}
{
  "time": "2024-04-11 13:18:40",
  "level": "INFO",
  "ns": "namespace:analyze",
  "ans": "global",
  "topenv": "namespace:analyze",
  "fn": "calculate_snacks_time_bands_params",
  "node": "Prashanths-MacBook-Pro.local",
  "arch": "x86_64",
  "os_name": "Darwin",
  "os_release": "22.6.0",
  "os_version": "Darwin Kernel Version 22.6.0: Mon Feb 19 19:48:53 PST 2024; root:xnu-8796.141.3.704.6~1/RELEASE_X86_64",
  "pid": 29245,
  "user": "praishnavi",
  "msg": "[\"Calculating parameters for snacks time bands\"]"
}
{
  "time": "2024-04-11 13:18:41",
  "level": "SUCCESS",
  "ns": "namespace:analyze",
  "ans": "global",
  "topenv": "namespace:analyze",
  "fn": "calculate_snacks_time_bands_params",
  "node": "Prashanths-MacBook-Pro.local",
  "arch": "x86_64",
  "os_name": "Darwin",
  "os_release": "22.6.0",
  "os_version": "Darwin Kernel Version 22.6.0: Mon Feb 19 19:48:53 PST 2024; root:xnu-8796.141.3.704.6~1/RELEASE_X86_64",
  "pid": 29245,
  "user": "praishnavi",
  "msg": "[\"Completed calculating snacks time bands parameters\"]"
}
{
  "time": "2024-04-11 13:18:41",
  "level": "INFO",
  "ns": "namespace:analyze",
  "ans": "global",
  "topenv": "namespace:analyze",
  "fn": ".f",
  "node": "Prashanths-MacBook-Pro.local",
  "arch": "x86_64",
  "os_name": "Darwin",
  "os_release": "22.6.0",
  "os_version": "Darwin Kernel Version 22.6.0: Mon Feb 19 19:48:53 PST 2024; root:xnu-8796.141.3.704.6~1/RELEASE_X86_64",
  "pid": 29245,
  "user": "praishnavi",
  "msg": "[\"Adding time bands to snacks: snacks_morning\"]"
}
{
  "time": "2024-04-11 13:18:41",
  "level": "SUCCESS",
  "ns": "namespace:analyze",
  "ans": "global",
  "topenv": "namespace:analyze",
  "fn": "add_time_bands.default",
  "node": "Prashanths-MacBook-Pro.local",
  "arch": "x86_64",
  "os_name": "Darwin",
  "os_release": "22.6.0",
  "os_version": "Darwin Kernel Version 22.6.0: Mon Feb 19 19:48:53 PST 2024; root:xnu-8796.141.3.704.6~1/RELEASE_X86_64",
  "pid": 29245,
  "user": "praishnavi",
  "msg": "[\"Added time bands\",\"Median: 12:08:45\",\"UCL Offset: 00:30:00\",\"LCL Offset: 00:30:00\"]"
}
{
  "time": "2024-04-11 13:18:41",
  "level": "INFO",
  "ns": "namespace:analyze",
  "ans": "global",
  "topenv": "namespace:analyze",
  "fn": ".f",
  "node": "Prashanths-MacBook-Pro.local",
  "arch": "x86_64",
  "os_name": "Darwin",
  "os_release": "22.6.0",
  "os_version": "Darwin Kernel Version 22.6.0: Mon Feb 19 19:48:53 PST 2024; root:xnu-8796.141.3.704.6~1/RELEASE_X86_64",
  "pid": 29245,
  "user": "praishnavi",
  "msg": "[\"Adding time bands to snacks: snacks_afternoon\"]"
}
{
  "time": "2024-04-11 13:18:41",
  "level": "SUCCESS",
  "ns": "namespace:analyze",
  "ans": "global",
  "topenv": "namespace:analyze",
  "fn": "add_time_bands.default",
  "node": "Prashanths-MacBook-Pro.local",
  "arch": "x86_64",
  "os_name": "Darwin",
  "os_release": "22.6.0",
  "os_version": "Darwin Kernel Version 22.6.0: Mon Feb 19 19:48:53 PST 2024; root:xnu-8796.141.3.704.6~1/RELEASE_X86_64",
  "pid": 29245,
  "user": "praishnavi",
  "msg": "[\"Added time bands\",\"Median: 15:42:00\",\"UCL Offset: 00:45:00\",\"LCL Offset: 00:45:00\"]"
}
{
  "time": "2024-04-11 13:18:41",
  "level": "INFO",
  "ns": "namespace:analyze",
  "ans": "global",
  "topenv": "namespace:analyze",
  "fn": ".f",
  "node": "Prashanths-MacBook-Pro.local",
  "arch": "x86_64",
  "os_name": "Darwin",
  "os_release": "22.6.0",
  "os_version": "Darwin Kernel Version 22.6.0: Mon Feb 19 19:48:53 PST 2024; root:xnu-8796.141.3.704.6~1/RELEASE_X86_64",
  "pid": 29245,
  "user": "praishnavi",
  "msg": "[\"Adding time bands to snacks: snacks_evening\"]"
}
{
  "time": "2024-04-11 13:18:41",
  "level": "SUCCESS",
  "ns": "namespace:analyze",
  "ans": "global",
  "topenv": "namespace:analyze",
  "fn": "add_time_bands.default",
  "node": "Prashanths-MacBook-Pro.local",
  "arch": "x86_64",
  "os_name": "Darwin",
  "os_release": "22.6.0",
  "os_version": "Darwin Kernel Version 22.6.0: Mon Feb 19 19:48:53 PST 2024; root:xnu-8796.141.3.704.6~1/RELEASE_X86_64",
  "pid": 29245,
  "user": "praishnavi",
  "msg": "[\"Added time bands\",\"Median: 17:50:00\",\"UCL Offset: 00:30:00\",\"LCL Offset: 00:30:00\"]"
}
{
  "time": "2024-04-11 13:18:41",
  "level": "SUCCESS",
  "ns": "namespace:io",
  "ans": "global",
  "topenv": "namespace:io",
  "fn": "doTryCatch",
  "node": "Prashanths-MacBook-Pro.local",
  "arch": "x86_64",
  "os_name": "Darwin",
  "os_release": "22.6.0",
  "os_version": "Darwin Kernel Version 22.6.0: Mon Feb 19 19:48:53 PST 2024; root:xnu-8796.141.3.704.6~1/RELEASE_X86_64",
  "pid": 29245,
  "user": "praishnavi",
  "msg": "[\"✓ meals-time-bands.rds data saved to: ../analysis/meals-time-bands.rds\"]"
}
{
  "time": "2024-04-11 13:18:41",
  "level": "INFO",
  "ns": "namespace:io",
  "ans": "global",
  "topenv": "namespace:io",
  "fn": "read_data.default",
  "node": "Prashanths-MacBook-Pro.local",
  "arch": "x86_64",
  "os_name": "Darwin",
  "os_release": "22.6.0",
  "os_version": "Darwin Kernel Version 22.6.0: Mon Feb 19 19:48:53 PST 2024; root:xnu-8796.141.3.704.6~1/RELEASE_X86_64",
  "pid": 29245,
  "user": "praishnavi",
  "msg": "[\"Reading data from ../data/processed/weights.rds\"]"
}
{
  "time": "2024-04-11 13:18:41",
  "level": "SUCCESS",
  "ns": "namespace:io",
  "ans": "global",
  "topenv": "namespace:io",
  "fn": "doTryCatch",
  "node": "Prashanths-MacBook-Pro.local",
  "arch": "x86_64",
  "os_name": "Darwin",
  "os_release": "22.6.0",
  "os_version": "Darwin Kernel Version 22.6.0: Mon Feb 19 19:48:53 PST 2024; root:xnu-8796.141.3.704.6~1/RELEASE_X86_64",
  "pid": 29245,
  "user": "praishnavi",
  "msg": "[\"Successfully read data from ../data/processed/weights.rds; \"]"
}
{
  "time": "2024-04-11 13:18:41",
  "level": "DEBUG",
  "ns": "namespace:io",
  "ans": "global",
  "topenv": "namespace:io",
  "fn": "doTryCatch",
  "node": "Prashanths-MacBook-Pro.local",
  "arch": "x86_64",
  "os_name": "Darwin",
  "os_release": "22.6.0",
  "os_version": "Darwin Kernel Version 22.6.0: Mon Feb 19 19:48:53 PST 2024; root:xnu-8796.141.3.704.6~1/RELEASE_X86_64",
  "pid": 29245,
  "user": "praishnavi",
  "msg": "[\"Rows: 22; \",\"Columns: |weight_lbs, date, time|\"]"
}
{
  "time": "2024-04-11 13:18:41",
  "level": "INFO",
  "ns": "namespace:analyze",
  "ans": "global",
  "topenv": "namespace:analyze",
  "fn": "add_moving_average.weights",
  "node": "Prashanths-MacBook-Pro.local",
  "arch": "x86_64",
  "os_name": "Darwin",
  "os_release": "22.6.0",
  "os_version": "Darwin Kernel Version 22.6.0: Mon Feb 19 19:48:53 PST 2024; root:xnu-8796.141.3.704.6~1/RELEASE_X86_64",
  "pid": 29245,
  "user": "praishnavi",
  "msg": "[\"Adding 3 day moving average column\"]"
}
{
  "time": "2024-04-11 13:18:41",
  "level": "SUCCESS",
  "ns": "namespace:analyze",
  "ans": "global",
  "topenv": "namespace:analyze",
  "fn": "add_moving_average.weights",
  "node": "Prashanths-MacBook-Pro.local",
  "arch": "x86_64",
  "os_name": "Darwin",
  "os_release": "22.6.0",
  "os_version": "Darwin Kernel Version 22.6.0: Mon Feb 19 19:48:53 PST 2024; root:xnu-8796.141.3.704.6~1/RELEASE_X86_64",
  "pid": 29245,
  "user": "praishnavi",
  "msg": "[\"Completed adding 3 day moving average column\"]"
}
{
  "time": "2024-04-11 13:18:41",
  "level": "SUCCESS",
  "ns": "namespace:io",
  "ans": "global",
  "topenv": "namespace:io",
  "fn": "doTryCatch",
  "node": "Prashanths-MacBook-Pro.local",
  "arch": "x86_64",
  "os_name": "Darwin",
  "os_release": "22.6.0",
  "os_version": "Darwin Kernel Version 22.6.0: Mon Feb 19 19:48:53 PST 2024; root:xnu-8796.141.3.704.6~1/RELEASE_X86_64",
  "pid": 29245,
  "user": "praishnavi",
  "msg": "[\"✓ weights-moving-average.rds data saved to: ../analysis/weights-moving-average.rds\"]"
}
{
  "time": "2024-04-11 13:18:41",
  "level": "TRACE",
  "ns": "global",
  "ans": "global",
  "topenv": "R_GlobalEnv",
  "fn": "save_session_info",
  "node": "Prashanths-MacBook-Pro.local",
  "arch": "x86_64",
  "os_name": "Darwin",
  "os_release": "22.6.0",
  "os_version": "Darwin Kernel Version 22.6.0: Mon Feb 19 19:48:53 PST 2024; root:xnu-8796.141.3.704.6~1/RELEASE_X86_64",
  "pid": 29245,
  "user": "praishnavi",
  "msg": "[\"Saving session_info to ../logs/analyze_sessioninfo_20240411131840.log\"]"
}
