{
  "time": "2024-04-11 13:18:32",
  "level": "SUCCESS",
  "ns": "global",
  "ans": "global",
  "topenv": "R_GlobalEnv",
  "fn": "setup_logging",
  "node": "Prashanths-MacBook-Pro.local",
  "arch": "x86_64",
  "os_name": "Darwin",
  "os_release": "22.6.0",
  "os_version": "Darwin Kernel Version 22.6.0: Mon Feb 19 19:48:53 PST 2024; root:xnu-8796.141.3.704.6~1/RELEASE_X86_64",
  "pid": 29221,
  "user": "praishnavi",
  "msg": "[\"Completed configuring logging\"]"
}
{
  "time": "2024-04-11 13:18:32",
  "level": "INFO",
  "ns": "namespace:io",
  "ans": "global",
  "topenv": "namespace:io",
  "fn": "read_data.default",
  "node": "Prashanths-MacBook-Pro.local",
  "arch": "x86_64",
  "os_name": "Darwin",
  "os_release": "22.6.0",
  "os_version": "Darwin Kernel Version 22.6.0: Mon Feb 19 19:48:53 PST 2024; root:xnu-8796.141.3.704.6~1/RELEASE_X86_64",
  "pid": 29221,
  "user": "praishnavi",
  "msg": "[\"Reading data from ../analysis/meals-time-bands.rds\"]"
}
{
  "time": "2024-04-11 13:18:32",
  "level": "SUCCESS",
  "ns": "namespace:io",
  "ans": "global",
  "topenv": "namespace:io",
  "fn": "doTryCatch",
  "node": "Prashanths-MacBook-Pro.local",
  "arch": "x86_64",
  "os_name": "Darwin",
  "os_release": "22.6.0",
  "os_version": "Darwin Kernel Version 22.6.0: Mon Feb 19 19:48:53 PST 2024; root:xnu-8796.141.3.704.6~1/RELEASE_X86_64",
  "pid": 29221,
  "user": "praishnavi",
  "msg": "[\"Successfully read data from ../analysis/meals-time-bands.rds; \"]"
}
{
  "time": "2024-04-11 13:18:32",
  "level": "DEBUG",
  "ns": "namespace:io",
  "ans": "global",
  "topenv": "namespace:io",
  "fn": "doTryCatch",
  "node": "Prashanths-MacBook-Pro.local",
  "arch": "x86_64",
  "os_name": "Darwin",
  "os_release": "22.6.0",
  "os_version": "Darwin Kernel Version 22.6.0: Mon Feb 19 19:48:53 PST 2024; root:xnu-8796.141.3.704.6~1/RELEASE_X86_64",
  "pid": 29221,
  "user": "praishnavi",
  "msg": "[\"Rows: 121; \",\"Columns: |type, description, date, time, common_type, time_median, time_ucl, time_lcl|\"]"
}
{
  "time": "2024-04-11 13:18:32",
  "level": "DEBUG",
  "ns": "namespace:logging",
  "ans": "global",
  "topenv": "namespace:logging",
  "fn": "exec",
  "node": "Prashanths-MacBook-Pro.local",
  "arch": "x86_64",
  "os_name": "Darwin",
  "os_release": "22.6.0",
  "os_version": "Darwin Kernel Version 22.6.0: Mon Feb 19 19:48:53 PST 2024; root:xnu-8796.141.3.704.6~1/RELEASE_X86_64",
  "pid": 29221,
  "user": "praishnavi",
  "msg": "[\"Turning implicit missing values into explicit missing values\"]"
}
{
  "time": "2024-04-11 13:18:32",
  "level": "SUCCESS",
  "ns": "global",
  "ans": "global",
  "topenv": "R_GlobalEnv",
  "fn": "read_analysis.meals",
  "node": "Prashanths-MacBook-Pro.local",
  "arch": "x86_64",
  "os_name": "Darwin",
  "os_release": "22.6.0",
  "os_version": "Darwin Kernel Version 22.6.0: Mon Feb 19 19:48:53 PST 2024; root:xnu-8796.141.3.704.6~1/RELEASE_X86_64",
  "pid": 29221,
  "user": "praishnavi",
  "msg": "[\"Finished reading and preprocessing meals analysis data\"]"
}
{
  "time": "2024-04-11 13:18:32",
  "level": "INFO",
  "ns": "namespace:io",
  "ans": "global",
  "topenv": "namespace:io",
  "fn": "read_data.default",
  "node": "Prashanths-MacBook-Pro.local",
  "arch": "x86_64",
  "os_name": "Darwin",
  "os_release": "22.6.0",
  "os_version": "Darwin Kernel Version 22.6.0: Mon Feb 19 19:48:53 PST 2024; root:xnu-8796.141.3.704.6~1/RELEASE_X86_64",
  "pid": 29221,
  "user": "praishnavi",
  "msg": "[\"Reading data from ../analysis/exercises-time-bands.rds\"]"
}
{
  "time": "2024-04-11 13:18:32",
  "level": "SUCCESS",
  "ns": "namespace:io",
  "ans": "global",
  "topenv": "namespace:io",
  "fn": "doTryCatch",
  "node": "Prashanths-MacBook-Pro.local",
  "arch": "x86_64",
  "os_name": "Darwin",
  "os_release": "22.6.0",
  "os_version": "Darwin Kernel Version 22.6.0: Mon Feb 19 19:48:53 PST 2024; root:xnu-8796.141.3.704.6~1/RELEASE_X86_64",
  "pid": 29221,
  "user": "praishnavi",
  "msg": "[\"Successfully read data from ../analysis/exercises-time-bands.rds; \"]"
}
{
  "time": "2024-04-11 13:18:32",
  "level": "DEBUG",
  "ns": "namespace:io",
  "ans": "global",
  "topenv": "namespace:io",
  "fn": "doTryCatch",
  "node": "Prashanths-MacBook-Pro.local",
  "arch": "x86_64",
  "os_name": "Darwin",
  "os_release": "22.6.0",
  "os_version": "Darwin Kernel Version 22.6.0: Mon Feb 19 19:48:53 PST 2024; root:xnu-8796.141.3.704.6~1/RELEASE_X86_64",
  "pid": 29221,
  "user": "praishnavi",
  "msg": "[\"Rows: 25; \",\"Columns: |duration_mins, type, calories_burned, date, time, time_median, time_ucl, time_lcl|\"]"
}
{
  "time": "2024-04-11 13:18:32",
  "level": "INFO",
  "ns": "namespace:io",
  "ans": "global",
  "topenv": "namespace:io",
  "fn": "read_data.default",
  "node": "Prashanths-MacBook-Pro.local",
  "arch": "x86_64",
  "os_name": "Darwin",
  "os_release": "22.6.0",
  "os_version": "Darwin Kernel Version 22.6.0: Mon Feb 19 19:48:53 PST 2024; root:xnu-8796.141.3.704.6~1/RELEASE_X86_64",
  "pid": 29221,
  "user": "praishnavi",
  "msg": "[\"Reading data from ../analysis/weights-moving-average.rds\"]"
}
{
  "time": "2024-04-11 13:18:32",
  "level": "SUCCESS",
  "ns": "namespace:io",
  "ans": "global",
  "topenv": "namespace:io",
  "fn": "doTryCatch",
  "node": "Prashanths-MacBook-Pro.local",
  "arch": "x86_64",
  "os_name": "Darwin",
  "os_release": "22.6.0",
  "os_version": "Darwin Kernel Version 22.6.0: Mon Feb 19 19:48:53 PST 2024; root:xnu-8796.141.3.704.6~1/RELEASE_X86_64",
  "pid": 29221,
  "user": "praishnavi",
  "msg": "[\"Successfully read data from ../analysis/weights-moving-average.rds; \"]"
}
{
  "time": "2024-04-11 13:18:32",
  "level": "DEBUG",
  "ns": "namespace:io",
  "ans": "global",
  "topenv": "namespace:io",
  "fn": "doTryCatch",
  "node": "Prashanths-MacBook-Pro.local",
  "arch": "x86_64",
  "os_name": "Darwin",
  "os_release": "22.6.0",
  "os_version": "Darwin Kernel Version 22.6.0: Mon Feb 19 19:48:53 PST 2024; root:xnu-8796.141.3.704.6~1/RELEASE_X86_64",
  "pid": 29221,
  "user": "praishnavi",
  "msg": "[\"Rows: 29; \",\"Columns: |date, weight_lbs, time, weight_3day_average|\"]"
}
{
  "time": "2024-04-11 13:18:34",
  "level": "INFO",
  "ns": "global",
  "ans": "global",
  "topenv": "R_GlobalEnv",
  "fn": "save_session_info",
  "node": "Prashanths-MacBook-Pro.local",
  "arch": "x86_64",
  "os_name": "Darwin",
  "os_release": "22.6.0",
  "os_version": "Darwin Kernel Version 22.6.0: Mon Feb 19 19:48:53 PST 2024; root:xnu-8796.141.3.704.6~1/RELEASE_X86_64",
  "pid": 29221,
  "user": "praishnavi",
  "msg": "[\"Saving session_info to ../logs/plot_sessioninfo_20240411131832.log\"]"
}
