{
  "platform": {
    "version": "R version 4.1.0 (2021-05-18)",
    "os": "macOS 13.6.6",
    "system": "x86_64, darwin17.0",
    "ui": "unknown",
    "language": "(EN)",
    "collate": "en_US.UTF-8",
    "ctype": "en_US.UTF-8",
    "tz": "America/Los_Angeles",
    "date": "2024-04-11",
    "pandoc": "3.1.11.1 @ /usr/local/bin/ (via rmarkdown)"
  },
  "packages": [
    {
      "package": "anytime",
      "ondiskversion": "0.3.9",
      "loadedversion": "0.3.9",
      "path": "/Library/Frameworks/R.framework/Versions/4.1/Resources/library/anytime",
      "loadedpath": "/Library/Frameworks/R.framework/Versions/4.1/Resources/library/anytime",
      "attached": false,
      "is_base": false,
      "date": "2020-08-27",
      "source": "CRAN (R 4.1.0)",
      "library": "/Library/Frameworks/R.framework/Versions/4.1/Resources/library",
      "_row": "anytime"
    },
    {
      "package": "arrow",
      "ondiskversion": "14.0.2.1",
      "loadedversion": "14.0.2.1",
      "path": "/Library/Frameworks/R.framework/Versions/4.1/Resources/library/arrow",
      "loadedpath": "/Library/Frameworks/R.framework/Versions/4.1/Resources/library/arrow",
      "attached": false,
      "is_base": false,
      "date": "2024-02-23",
      "source": "CRAN (R 4.1.0)",
      "library": "/Library/Frameworks/R.framework/Versions/4.1/Resources/library",
      "_row": "arrow"
    },
    {
      "package": "assertthat",
      "ondiskversion": "0.2.1",
      "loadedversion": "0.2.1",
      "path": "/Library/Frameworks/R.framework/Versions/4.1/Resources/library/assertthat",
      "loadedpath": "/Library/Frameworks/R.framework/Versions/4.1/Resources/library/assertthat",
      "attached": false,
      "is_base": false,
      "date": "2019-03-21",
      "source": "CRAN (R 4.1.0)",
      "library": "/Library/Frameworks/R.framework/Versions/4.1/Resources/library",
      "_row": "assertthat"
    },
    {
      "package": "bit",
      "ondiskversion": "4.0.5",
      "loadedversion": "4.0.5",
      "path": "/Library/Frameworks/R.framework/Versions/4.1/Resources/library/bit",
      "loadedpath": "/Library/Frameworks/R.framework/Versions/4.1/Resources/library/bit",
      "attached": false,
      "is_base": false,
      "date": "2022-11-15",
      "source": "CRAN (R 4.1.2)",
      "library": "/Library/Frameworks/R.framework/Versions/4.1/Resources/library",
      "_row": "bit"
    },
    {
      "package": "bit64",
      "ondiskversion": "4.0.5",
      "loadedversion": "4.0.5",
      "path": "/Library/Frameworks/R.framework/Versions/4.1/Resources/library/bit64",
      "loadedpath": "/Library/Frameworks/R.framework/Versions/4.1/Resources/library/bit64",
      "attached": false,
      "is_base": false,
      "date": "2020-08-30",
      "source": "CRAN (R 4.1.0)",
      "library": "/Library/Frameworks/R.framework/Versions/4.1/Resources/library",
      "_row": "bit64"
    },
    {
      "package": "box",
      "ondiskversion": "1.2.0",
      "loadedversion": "1.2.0",
      "path": "/Library/Frameworks/R.framework/Versions/4.1/Resources/library/box",
      "loadedpath": "/Library/Frameworks/R.framework/Versions/4.1/Resources/library/box",
      "attached": false,
      "is_base": false,
      "date": "2024-02-06",
      "source": "CRAN (R 4.1.0)",
      "library": "/Library/Frameworks/R.framework/Versions/4.1/Resources/library",
      "_row": "box"
    },
    {
      "package": "cli",
      "ondiskversion": "3.6.2",
      "loadedversion": "3.6.2",
      "path": "/Library/Frameworks/R.framework/Versions/4.1/Resources/library/cli",
      "loadedpath": "/Library/Frameworks/R.framework/Versions/4.1/Resources/library/cli",
      "attached": false,
      "is_base": false,
      "date": "2023-12-11",
      "source": "CRAN (R 4.1.0)",
      "library": "/Library/Frameworks/R.framework/Versions/4.1/Resources/library",
      "_row": "cli"
    },
    {
      "package": "colorspace",
      "ondiskversion": "2.1.0",
      "loadedversion": "2.1-0",
      "path": "/Library/Frameworks/R.framework/Versions/4.1/Resources/library/colorspace",
      "loadedpath": "/Library/Frameworks/R.framework/Versions/4.1/Resources/library/colorspace",
      "attached": false,
      "is_base": false,
      "date": "2023-01-23",
      "source": "CRAN (R 4.1.2)",
      "library": "/Library/Frameworks/R.framework/Versions/4.1/Resources/library",
      "_row": "colorspace"
    },
    {
      "package": "crosstalk",
      "ondiskversion": "1.2.0",
      "loadedversion": "1.2.0",
      "path": "/Library/Frameworks/R.framework/Versions/4.1/Resources/library/crosstalk",
      "loadedpath": "/Library/Frameworks/R.framework/Versions/4.1/Resources/library/crosstalk",
      "attached": false,
      "is_base": false,
      "date": "2021-11-04",
      "source": "CRAN (R 4.1.0)",
      "library": "/Library/Frameworks/R.framework/Versions/4.1/Resources/library",
      "_row": "crosstalk"
    },
    {
      "package": "data.table",
      "ondiskversion": "1.14.8",
      "loadedversion": "1.14.8",
      "path": "/Library/Frameworks/R.framework/Versions/4.1/Resources/library/data.table",
      "loadedpath": "/Library/Frameworks/R.framework/Versions/4.1/Resources/library/data.table",
      "attached": false,
      "is_base": false,
      "date": "2023-02-17",
      "source": "CRAN (R 4.1.2)",
      "library": "/Library/Frameworks/R.framework/Versions/4.1/Resources/library",
      "_row": "data.table"
    },
    {
      "package": "digest",
      "ondiskversion": "0.6.31",
      "loadedversion": "0.6.31",
      "path": "/Library/Frameworks/R.framework/Versions/4.1/Resources/library/digest",
      "loadedpath": "/Library/Frameworks/R.framework/Versions/4.1/Resources/library/digest",
      "attached": false,
      "is_base": false,
      "date": "2022-12-11",
      "source": "CRAN (R 4.1.2)",
      "library": "/Library/Frameworks/R.framework/Versions/4.1/Resources/library",
      "_row": "digest"
    },
    {
      "package": "docopt",
      "ondiskversion": "0.7.1",
      "loadedversion": "0.7.1",
      "path": "/Library/Frameworks/R.framework/Versions/4.1/Resources/library/docopt",
      "loadedpath": "/Library/Frameworks/R.framework/Versions/4.1/Resources/library/docopt",
      "attached": false,
      "is_base": false,
      "date": "2020-06-24",
      "source": "CRAN (R 4.1.0)",
      "library": "/Library/Frameworks/R.framework/Versions/4.1/Resources/library",
      "_row": "docopt"
    },
    {
      "package": "dplyr",
      "ondiskversion": "1.1.2",
      "loadedversion": "1.1.2",
      "path": "/Library/Frameworks/R.framework/Versions/4.1/Resources/library/dplyr",
      "loadedpath": "/Library/Frameworks/R.framework/Versions/4.1/Resources/library/dplyr",
      "attached": false,
      "is_base": false,
      "date": "2023-04-20",
      "source": "CRAN (R 4.1.2)",
      "library": "/Library/Frameworks/R.framework/Versions/4.1/Resources/library",
      "_row": "dplyr"
    },
    {
      "package": "ellipsis",
      "ondiskversion": "0.3.2",
      "loadedversion": "0.3.2",
      "path": "/Library/Frameworks/R.framework/Versions/4.1/Resources/library/ellipsis",
      "loadedpath": "/Library/Frameworks/R.framework/Versions/4.1/Resources/library/ellipsis",
      "attached": false,
      "is_base": false,
      "date": "2021-04-29",
      "source": "CRAN (R 4.1.0)",
      "library": "/Library/Frameworks/R.framework/Versions/4.1/Resources/library",
      "_row": "ellipsis"
    },
    {
      "package": "evaluate",
      "ondiskversion": "0.21",
      "loadedversion": "0.21",
      "path": "/Library/Frameworks/R.framework/Versions/4.1/Resources/library/evaluate",
      "loadedpath": "/Library/Frameworks/R.framework/Versions/4.1/Resources/library/evaluate",
      "attached": false,
      "is_base": false,
      "date": "2023-05-05",
      "source": "CRAN (R 4.1.2)",
      "library": "/Library/Frameworks/R.framework/Versions/4.1/Resources/library",
      "_row": "evaluate"
    },
    {
      "package": "fansi",
      "ondiskversion": "1.0.6",
      "loadedversion": "1.0.6",
      "path": "/Library/Frameworks/R.framework/Versions/4.1/Resources/library/fansi",
      "loadedpath": "/Library/Frameworks/R.framework/Versions/4.1/Resources/library/fansi",
      "attached": false,
      "is_base": false,
      "date": "2023-12-08",
      "source": "CRAN (R 4.1.0)",
      "library": "/Library/Frameworks/R.framework/Versions/4.1/Resources/library",
      "_row": "fansi"
    },
    {
      "package": "fastmap",
      "ondiskversion": "1.1.1",
      "loadedversion": "1.1.1",
      "path": "/Library/Frameworks/R.framework/Versions/4.1/Resources/library/fastmap",
      "loadedpath": "/Library/Frameworks/R.framework/Versions/4.1/Resources/library/fastmap",
      "attached": false,
      "is_base": false,
      "date": "2023-02-24",
      "source": "CRAN (R 4.1.2)",
      "library": "/Library/Frameworks/R.framework/Versions/4.1/Resources/library",
      "_row": "fastmap"
    },
    {
      "package": "forcats",
      "ondiskversion": "1.0.0",
      "loadedversion": "1.0.0",
      "path": "/Library/Frameworks/R.framework/Versions/4.1/Resources/library/forcats",
      "loadedpath": "/Library/Frameworks/R.framework/Versions/4.1/Resources/library/forcats",
      "attached": false,
      "is_base": false,
      "date": "2023-01-29",
      "source": "CRAN (R 4.1.2)",
      "library": "/Library/Frameworks/R.framework/Versions/4.1/Resources/library",
      "_row": "forcats"
    },
    {
      "package": "fs",
      "ondiskversion": "1.6.3",
      "loadedversion": "1.6.3",
      "path": "/Library/Frameworks/R.framework/Versions/4.1/Resources/library/fs",
      "loadedpath": "/Library/Frameworks/R.framework/Versions/4.1/Resources/library/fs",
      "attached": false,
      "is_base": false,
      "date": "2023-07-20",
      "source": "CRAN (R 4.1.0)",
      "library": "/Library/Frameworks/R.framework/Versions/4.1/Resources/library",
      "_row": "fs"
    },
    {
      "package": "generics",
      "ondiskversion": "0.1.0",
      "loadedversion": "0.1.0",
      "path": "/Library/Frameworks/R.framework/Versions/4.1/Resources/library/generics",
      "loadedpath": "/Library/Frameworks/R.framework/Versions/4.1/Resources/library/generics",
      "attached": false,
      "is_base": false,
      "date": "2020-10-31",
      "source": "CRAN (R 4.1.0)",
      "library": "/Library/Frameworks/R.framework/Versions/4.1/Resources/library",
      "_row": "generics"
    },
    {
      "package": "ggplot2",
      "ondiskversion": "3.5.0",
      "loadedversion": "3.5.0",
      "path": "/Library/Frameworks/R.framework/Versions/4.1/Resources/library/ggplot2",
      "loadedpath": "/Library/Frameworks/R.framework/Versions/4.1/Resources/library/ggplot2",
      "attached": false,
      "is_base": false,
      "date": "2024-03-15",
      "source": "Github (tidyverse/ggplot2@a6f1a7c845bfe056ef952b839d2fd65b888ab5cd)",
      "library": "/Library/Frameworks/R.framework/Versions/4.1/Resources/library",
      "_row": "ggplot2"
    },
    {
      "package": "glue",
      "ondiskversion": "1.7.0",
      "loadedversion": "1.7.0",
      "path": "/Library/Frameworks/R.framework/Versions/4.1/Resources/library/glue",
      "loadedpath": "/Library/Frameworks/R.framework/Versions/4.1/Resources/library/glue",
      "attached": false,
      "is_base": false,
      "date": "2024-01-09",
      "source": "CRAN (R 4.1.0)",
      "library": "/Library/Frameworks/R.framework/Versions/4.1/Resources/library",
      "_row": "glue"
    },
    {
      "package": "gtable",
      "ondiskversion": "0.3.4",
      "loadedversion": "0.3.4",
      "path": "/Library/Frameworks/R.framework/Versions/4.1/Resources/library/gtable",
      "loadedpath": "/Library/Frameworks/R.framework/Versions/4.1/Resources/library/gtable",
      "attached": false,
      "is_base": false,
      "date": "2023-08-21",
      "source": "CRAN (R 4.1.0)",
      "library": "/Library/Frameworks/R.framework/Versions/4.1/Resources/library",
      "_row": "gtable"
    },
    {
      "package": "hms",
      "ondiskversion": "1.1.3",
      "loadedversion": "1.1.3",
      "path": "/Library/Frameworks/R.framework/Versions/4.1/Resources/library/hms",
      "loadedpath": "/Library/Frameworks/R.framework/Versions/4.1/Resources/library/hms",
      "attached": false,
      "is_base": false,
      "date": "2023-03-21",
      "source": "CRAN (R 4.1.2)",
      "library": "/Library/Frameworks/R.framework/Versions/4.1/Resources/library",
      "_row": "hms"
    },
    {
      "package": "htmltools",
      "ondiskversion": "0.5.5",
      "loadedversion": "0.5.5",
      "path": "/Library/Frameworks/R.framework/Versions/4.1/Resources/library/htmltools",
      "loadedpath": "/Library/Frameworks/R.framework/Versions/4.1/Resources/library/htmltools",
      "attached": false,
      "is_base": false,
      "date": "2023-03-23",
      "source": "CRAN (R 4.1.2)",
      "library": "/Library/Frameworks/R.framework/Versions/4.1/Resources/library",
      "_row": "htmltools"
    },
    {
      "package": "htmlwidgets",
      "ondiskversion": "1.6.2",
      "loadedversion": "1.6.2",
      "path": "/Library/Frameworks/R.framework/Versions/4.1/Resources/library/htmlwidgets",
      "loadedpath": "/Library/Frameworks/R.framework/Versions/4.1/Resources/library/htmlwidgets",
      "attached": false,
      "is_base": false,
      "date": "2023-03-17",
      "source": "CRAN (R 4.1.2)",
      "library": "/Library/Frameworks/R.framework/Versions/4.1/Resources/library",
      "_row": "htmlwidgets"
    },
    {
      "package": "httr",
      "ondiskversion": "1.4.6",
      "loadedversion": "1.4.6",
      "path": "/Library/Frameworks/R.framework/Versions/4.1/Resources/library/httr",
      "loadedpath": "/Library/Frameworks/R.framework/Versions/4.1/Resources/library/httr",
      "attached": false,
      "is_base": false,
      "date": "2023-05-08",
      "source": "CRAN (R 4.1.2)",
      "library": "/Library/Frameworks/R.framework/Versions/4.1/Resources/library",
      "_row": "httr"
    },
    {
      "package": "jsonlite",
      "ondiskversion": "1.8.4",
      "loadedversion": "1.8.4",
      "path": "/Library/Frameworks/R.framework/Versions/4.1/Resources/library/jsonlite",
      "loadedpath": "/Library/Frameworks/R.framework/Versions/4.1/Resources/library/jsonlite",
      "attached": false,
      "is_base": false,
      "date": "2022-12-06",
      "source": "CRAN (R 4.1.2)",
      "library": "/Library/Frameworks/R.framework/Versions/4.1/Resources/library",
      "_row": "jsonlite"
    },
    {
      "package": "knitr",
      "ondiskversion": "1.42",
      "loadedversion": "1.42",
      "path": "/Library/Frameworks/R.framework/Versions/4.1/Resources/library/knitr",
      "loadedpath": "/Library/Frameworks/R.framework/Versions/4.1/Resources/library/knitr",
      "attached": false,
      "is_base": false,
      "date": "2023-01-25",
      "source": "CRAN (R 4.1.2)",
      "library": "/Library/Frameworks/R.framework/Versions/4.1/Resources/library",
      "_row": "knitr"
    },
    {
      "package": "labeling",
      "ondiskversion": "0.4.3",
      "loadedversion": "0.4.3",
      "path": "/Library/Frameworks/R.framework/Versions/4.1/Resources/library/labeling",
      "loadedpath": "/Library/Frameworks/R.framework/Versions/4.1/Resources/library/labeling",
      "attached": false,
      "is_base": false,
      "date": "2023-08-29",
      "source": "CRAN (R 4.1.0)",
      "library": "/Library/Frameworks/R.framework/Versions/4.1/Resources/library",
      "_row": "labeling"
    },
    {
      "package": "lattice",
      "ondiskversion": "0.20.44",
      "loadedversion": "0.20-44",
      "path": "/Library/Frameworks/R.framework/Versions/4.1/Resources/library/lattice",
      "loadedpath": "/Library/Frameworks/R.framework/Versions/4.1/Resources/library/lattice",
      "attached": false,
      "is_base": false,
      "date": "2021-05-02",
      "source": "CRAN (R 4.1.0)",
      "library": "/Library/Frameworks/R.framework/Versions/4.1/Resources/library",
      "_row": "lattice"
    },
    {
      "package": "lazyeval",
      "ondiskversion": "0.2.2",
      "loadedversion": "0.2.2",
      "path": "/Library/Frameworks/R.framework/Versions/4.1/Resources/library/lazyeval",
      "loadedpath": "/Library/Frameworks/R.framework/Versions/4.1/Resources/library/lazyeval",
      "attached": false,
      "is_base": false,
      "date": "2019-03-15",
      "source": "CRAN (R 4.1.0)",
      "library": "/Library/Frameworks/R.framework/Versions/4.1/Resources/library",
      "_row": "lazyeval"
    },
    {
      "package": "lifecycle",
      "ondiskversion": "1.0.4",
      "loadedversion": "1.0.4",
      "path": "/Library/Frameworks/R.framework/Versions/4.1/Resources/library/lifecycle",
      "loadedpath": "/Library/Frameworks/R.framework/Versions/4.1/Resources/library/lifecycle",
      "attached": false,
      "is_base": false,
      "date": "2023-11-07",
      "source": "CRAN (R 4.1.0)",
      "library": "/Library/Frameworks/R.framework/Versions/4.1/Resources/library",
      "_row": "lifecycle"
    },
    {
      "package": "logger",
      "ondiskversion": "0.3.0",
      "loadedversion": "0.3.0",
      "path": "/Library/Frameworks/R.framework/Versions/4.1/Resources/library/logger",
      "loadedpath": "/Library/Frameworks/R.framework/Versions/4.1/Resources/library/logger",
      "attached": false,
      "is_base": false,
      "date": "2024-03-05",
      "source": "CRAN (R 4.1.0)",
      "library": "/Library/Frameworks/R.framework/Versions/4.1/Resources/library",
      "_row": "logger"
    },
    {
      "package": "lubridate",
      "ondiskversion": "1.9.2",
      "loadedversion": "1.9.2",
      "path": "/Library/Frameworks/R.framework/Versions/4.1/Resources/library/lubridate",
      "loadedpath": "/Library/Frameworks/R.framework/Versions/4.1/Resources/library/lubridate",
      "attached": false,
      "is_base": false,
      "date": "2023-02-10",
      "source": "CRAN (R 4.1.2)",
      "library": "/Library/Frameworks/R.framework/Versions/4.1/Resources/library",
      "_row": "lubridate"
    },
    {
      "package": "magrittr",
      "ondiskversion": "2.0.3",
      "loadedversion": "2.0.3",
      "path": "/Library/Frameworks/R.framework/Versions/4.1/Resources/library/magrittr",
      "loadedpath": "/Library/Frameworks/R.framework/Versions/4.1/Resources/library/magrittr",
      "attached": false,
      "is_base": false,
      "date": "2022-03-30",
      "source": "CRAN (R 4.1.2)",
      "library": "/Library/Frameworks/R.framework/Versions/4.1/Resources/library",
      "_row": "magrittr"
    },
    {
      "package": "Matrix",
      "ondiskversion": "1.3.3",
      "loadedversion": "1.3-3",
      "path": "/Library/Frameworks/R.framework/Versions/4.1/Resources/library/Matrix",
      "loadedpath": "/Library/Frameworks/R.framework/Versions/4.1/Resources/library/Matrix",
      "attached": false,
      "is_base": false,
      "date": "2021-05-04",
      "source": "CRAN (R 4.1.0)",
      "library": "/Library/Frameworks/R.framework/Versions/4.1/Resources/library",
      "_row": "Matrix"
    },
    {
      "package": "mgcv",
      "ondiskversion": "1.8.35",
      "loadedversion": "1.8-35",
      "path": "/Library/Frameworks/R.framework/Versions/4.1/Resources/library/mgcv",
      "loadedpath": "/Library/Frameworks/R.framework/Versions/4.1/Resources/library/mgcv",
      "attached": false,
      "is_base": false,
      "date": "2021-04-18",
      "source": "CRAN (R 4.1.0)",
      "library": "/Library/Frameworks/R.framework/Versions/4.1/Resources/library",
      "_row": "mgcv"
    },
    {
      "package": "munsell",
      "ondiskversion": "0.5.0",
      "loadedversion": "0.5.0",
      "path": "/Library/Frameworks/R.framework/Versions/4.1/Resources/library/munsell",
      "loadedpath": "/Library/Frameworks/R.framework/Versions/4.1/Resources/library/munsell",
      "attached": false,
      "is_base": false,
      "date": "2018-06-12",
      "source": "CRAN (R 4.1.0)",
      "library": "/Library/Frameworks/R.framework/Versions/4.1/Resources/library",
      "_row": "munsell"
    },
    {
      "package": "nlme",
      "ondiskversion": "3.1.152",
      "loadedversion": "3.1-152",
      "path": "/Library/Frameworks/R.framework/Versions/4.1/Resources/library/nlme",
      "loadedpath": "/Library/Frameworks/R.framework/Versions/4.1/Resources/library/nlme",
      "attached": false,
      "is_base": false,
      "date": "2021-02-04",
      "source": "CRAN (R 4.1.0)",
      "library": "/Library/Frameworks/R.framework/Versions/4.1/Resources/library",
      "_row": "nlme"
    },
    {
      "package": "pillar",
      "ondiskversion": "1.9.0",
      "loadedversion": "1.9.0",
      "path": "/Library/Frameworks/R.framework/Versions/4.1/Resources/library/pillar",
      "loadedpath": "/Library/Frameworks/R.framework/Versions/4.1/Resources/library/pillar",
      "attached": false,
      "is_base": false,
      "date": "2023-03-22",
      "source": "CRAN (R 4.1.2)",
      "library": "/Library/Frameworks/R.framework/Versions/4.1/Resources/library",
      "_row": "pillar"
    },
    {
      "package": "pkgconfig",
      "ondiskversion": "2.0.3",
      "loadedversion": "2.0.3",
      "path": "/Library/Frameworks/R.framework/Versions/4.1/Resources/library/pkgconfig",
      "loadedpath": "/Library/Frameworks/R.framework/Versions/4.1/Resources/library/pkgconfig",
      "attached": false,
      "is_base": false,
      "date": "2019-09-22",
      "source": "CRAN (R 4.1.0)",
      "library": "/Library/Frameworks/R.framework/Versions/4.1/Resources/library",
      "_row": "pkgconfig"
    },
    {
      "package": "plotly",
      "ondiskversion": "4.10.1.9000",
      "loadedversion": "4.10.1.9000",
      "path": "/Library/Frameworks/R.framework/Versions/4.1/Resources/library/plotly",
      "loadedpath": "/Library/Frameworks/R.framework/Versions/4.1/Resources/library/plotly",
      "attached": false,
      "is_base": false,
      "date": "2023-05-28",
      "source": "Github (ropensci/plotly@3e6099ec0de86fafe23a045f221458a67f0aa46e)",
      "library": "/Library/Frameworks/R.framework/Versions/4.1/Resources/library",
      "_row": "plotly"
    },
    {
      "package": "purrr",
      "ondiskversion": "1.0.1",
      "loadedversion": "1.0.1",
      "path": "/Library/Frameworks/R.framework/Versions/4.1/Resources/library/purrr",
      "loadedpath": "/Library/Frameworks/R.framework/Versions/4.1/Resources/library/purrr",
      "attached": false,
      "is_base": false,
      "date": "2023-01-10",
      "source": "CRAN (R 4.1.2)",
      "library": "/Library/Frameworks/R.framework/Versions/4.1/Resources/library",
      "_row": "purrr"
    },
    {
      "package": "R6",
      "ondiskversion": "2.5.1",
      "loadedversion": "2.5.1",
      "path": "/Library/Frameworks/R.framework/Versions/4.1/Resources/library/R6",
      "loadedpath": "/Library/Frameworks/R.framework/Versions/4.1/Resources/library/R6",
      "attached": false,
      "is_base": false,
      "date": "2021-08-19",
      "source": "CRAN (R 4.1.0)",
      "library": "/Library/Frameworks/R.framework/Versions/4.1/Resources/library",
      "_row": "R6"
    },
    {
      "package": "Rcpp",
      "ondiskversion": "1.0.10",
      "loadedversion": "1.0.10",
      "path": "/Library/Frameworks/R.framework/Versions/4.1/Resources/library/Rcpp",
      "loadedpath": "/Library/Frameworks/R.framework/Versions/4.1/Resources/library/Rcpp",
      "attached": false,
      "is_base": false,
      "date": "2023-01-22",
      "source": "CRAN (R 4.1.2)",
      "library": "/Library/Frameworks/R.framework/Versions/4.1/Resources/library",
      "_row": "Rcpp"
    },
    {
      "package": "readr",
      "ondiskversion": "2.1.4",
      "loadedversion": "2.1.4",
      "path": "/Library/Frameworks/R.framework/Versions/4.1/Resources/library/readr",
      "loadedpath": "/Library/Frameworks/R.framework/Versions/4.1/Resources/library/readr",
      "attached": false,
      "is_base": false,
      "date": "2023-02-10",
      "source": "CRAN (R 4.1.2)",
      "library": "/Library/Frameworks/R.framework/Versions/4.1/Resources/library",
      "_row": "readr"
    },
    {
      "package": "rlang",
      "ondiskversion": "1.1.3",
      "loadedversion": "1.1.3",
      "path": "/Library/Frameworks/R.framework/Versions/4.1/Resources/library/rlang",
      "loadedpath": "/Library/Frameworks/R.framework/Versions/4.1/Resources/library/rlang",
      "attached": false,
      "is_base": false,
      "date": "2024-01-10",
      "source": "CRAN (R 4.1.0)",
      "library": "/Library/Frameworks/R.framework/Versions/4.1/Resources/library",
      "_row": "rlang"
    },
    {
      "package": "rmarkdown",
      "ondiskversion": "2.21",
      "loadedversion": "2.21",
      "path": "/Library/Frameworks/R.framework/Versions/4.1/Resources/library/rmarkdown",
      "loadedpath": "/Library/Frameworks/R.framework/Versions/4.1/Resources/library/rmarkdown",
      "attached": false,
      "is_base": false,
      "date": "2023-03-26",
      "source": "CRAN (R 4.1.2)",
      "library": "/Library/Frameworks/R.framework/Versions/4.1/Resources/library",
      "_row": "rmarkdown"
    },
    {
      "package": "rstudioapi",
      "ondiskversion": "0.14",
      "loadedversion": "0.14",
      "path": "/Library/Frameworks/R.framework/Versions/4.1/Resources/library/rstudioapi",
      "loadedpath": "/Library/Frameworks/R.framework/Versions/4.1/Resources/library/rstudioapi",
      "attached": false,
      "is_base": false,
      "date": "2022-08-22",
      "source": "CRAN (R 4.1.2)",
      "library": "/Library/Frameworks/R.framework/Versions/4.1/Resources/library",
      "_row": "rstudioapi"
    },
    {
      "package": "scales",
      "ondiskversion": "1.3.0",
      "loadedversion": "1.3.0",
      "path": "/Library/Frameworks/R.framework/Versions/4.1/Resources/library/scales",
      "loadedpath": "/Library/Frameworks/R.framework/Versions/4.1/Resources/library/scales",
      "attached": false,
      "is_base": false,
      "date": "2023-11-28",
      "source": "CRAN (R 4.1.0)",
      "library": "/Library/Frameworks/R.framework/Versions/4.1/Resources/library",
      "_row": "scales"
    },
    {
      "package": "sessioninfo",
      "ondiskversion": "1.2.2",
      "loadedversion": "1.2.2",
      "path": "/Library/Frameworks/R.framework/Versions/4.1/Resources/library/sessioninfo",
      "loadedpath": "/Library/Frameworks/R.framework/Versions/4.1/Resources/library/sessioninfo",
      "attached": false,
      "is_base": false,
      "date": "2021-12-06",
      "source": "CRAN (R 4.1.0)",
      "library": "/Library/Frameworks/R.framework/Versions/4.1/Resources/library",
      "_row": "sessioninfo"
    },
    {
      "package": "stringi",
      "ondiskversion": "1.6.2",
      "loadedversion": "1.6.2",
      "path": "/Library/Frameworks/R.framework/Versions/4.1/Resources/library/stringi",
      "loadedpath": "/Library/Frameworks/R.framework/Versions/4.1/Resources/library/stringi",
      "attached": false,
      "is_base": false,
      "date": "2021-05-17",
      "source": "CRAN (R 4.1.0)",
      "library": "/Library/Frameworks/R.framework/Versions/4.1/Resources/library",
      "_row": "stringi"
    },
    {
      "package": "stringr",
      "ondiskversion": "1.5.0",
      "loadedversion": "1.5.0",
      "path": "/Library/Frameworks/R.framework/Versions/4.1/Resources/library/stringr",
      "loadedpath": "/Library/Frameworks/R.framework/Versions/4.1/Resources/library/stringr",
      "attached": false,
      "is_base": false,
      "date": "2022-12-02",
      "source": "CRAN (R 4.1.2)",
      "library": "/Library/Frameworks/R.framework/Versions/4.1/Resources/library",
      "_row": "stringr"
    },
    {
      "package": "tibble",
      "ondiskversion": "3.2.1",
      "loadedversion": "3.2.1",
      "path": "/Library/Frameworks/R.framework/Versions/4.1/Resources/library/tibble",
      "loadedpath": "/Library/Frameworks/R.framework/Versions/4.1/Resources/library/tibble",
      "attached": false,
      "is_base": false,
      "date": "2023-03-20",
      "source": "CRAN (R 4.1.2)",
      "library": "/Library/Frameworks/R.framework/Versions/4.1/Resources/library",
      "_row": "tibble"
    },
    {
      "package": "tidyr",
      "ondiskversion": "1.3.0",
      "loadedversion": "1.3.0",
      "path": "/Library/Frameworks/R.framework/Versions/4.1/Resources/library/tidyr",
      "loadedpath": "/Library/Frameworks/R.framework/Versions/4.1/Resources/library/tidyr",
      "attached": false,
      "is_base": false,
      "date": "2023-01-24",
      "source": "CRAN (R 4.1.2)",
      "library": "/Library/Frameworks/R.framework/Versions/4.1/Resources/library",
      "_row": "tidyr"
    },
    {
      "package": "tidyselect",
      "ondiskversion": "1.2.0",
      "loadedversion": "1.2.0",
      "path": "/Library/Frameworks/R.framework/Versions/4.1/Resources/library/tidyselect",
      "loadedpath": "/Library/Frameworks/R.framework/Versions/4.1/Resources/library/tidyselect",
      "attached": false,
      "is_base": false,
      "date": "2022-10-10",
      "source": "CRAN (R 4.1.2)",
      "library": "/Library/Frameworks/R.framework/Versions/4.1/Resources/library",
      "_row": "tidyselect"
    },
    {
      "package": "timechange",
      "ondiskversion": "0.2.0",
      "loadedversion": "0.2.0",
      "path": "/Library/Frameworks/R.framework/Versions/4.1/Resources/library/timechange",
      "loadedpath": "/Library/Frameworks/R.framework/Versions/4.1/Resources/library/timechange",
      "attached": false,
      "is_base": false,
      "date": "2023-01-11",
      "source": "CRAN (R 4.1.2)",
      "library": "/Library/Frameworks/R.framework/Versions/4.1/Resources/library",
      "_row": "timechange"
    },
    {
      "package": "tsibble",
      "ondiskversion": "1.1.4",
      "loadedversion": "1.1.4",
      "path": "/Library/Frameworks/R.framework/Versions/4.1/Resources/library/tsibble",
      "loadedpath": "/Library/Frameworks/R.framework/Versions/4.1/Resources/library/tsibble",
      "attached": false,
      "is_base": false,
      "date": "2024-01-29",
      "source": "CRAN (R 4.1.0)",
      "library": "/Library/Frameworks/R.framework/Versions/4.1/Resources/library",
      "_row": "tsibble"
    },
    {
      "package": "tzdb",
      "ondiskversion": "0.4.0",
      "loadedversion": "0.4.0",
      "path": "/Library/Frameworks/R.framework/Versions/4.1/Resources/library/tzdb",
      "loadedpath": "/Library/Frameworks/R.framework/Versions/4.1/Resources/library/tzdb",
      "attached": false,
      "is_base": false,
      "date": "2023-05-12",
      "source": "CRAN (R 4.1.0)",
      "library": "/Library/Frameworks/R.framework/Versions/4.1/Resources/library",
      "_row": "tzdb"
    },
    {
      "package": "utf8",
      "ondiskversion": "1.2.4",
      "loadedversion": "1.2.4",
      "path": "/Library/Frameworks/R.framework/Versions/4.1/Resources/library/utf8",
      "loadedpath": "/Library/Frameworks/R.framework/Versions/4.1/Resources/library/utf8",
      "attached": false,
      "is_base": false,
      "date": "2023-10-22",
      "source": "CRAN (R 4.1.0)",
      "library": "/Library/Frameworks/R.framework/Versions/4.1/Resources/library",
      "_row": "utf8"
    },
    {
      "package": "vctrs",
      "ondiskversion": "0.6.5",
      "loadedversion": "0.6.5",
      "path": "/Library/Frameworks/R.framework/Versions/4.1/Resources/library/vctrs",
      "loadedpath": "/Library/Frameworks/R.framework/Versions/4.1/Resources/library/vctrs",
      "attached": false,
      "is_base": false,
      "date": "2023-12-01",
      "source": "CRAN (R 4.1.0)",
      "library": "/Library/Frameworks/R.framework/Versions/4.1/Resources/library",
      "_row": "vctrs"
    },
    {
      "package": "viridisLite",
      "ondiskversion": "0.4.2",
      "loadedversion": "0.4.2",
      "path": "/Library/Frameworks/R.framework/Versions/4.1/Resources/library/viridisLite",
      "loadedpath": "/Library/Frameworks/R.framework/Versions/4.1/Resources/library/viridisLite",
      "attached": false,
      "is_base": false,
      "date": "2023-05-02",
      "source": "CRAN (R 4.1.2)",
      "library": "/Library/Frameworks/R.framework/Versions/4.1/Resources/library",
      "_row": "viridisLite"
    },
    {
      "package": "withr",
      "ondiskversion": "3.0.0",
      "loadedversion": "3.0.0",
      "path": "/Library/Frameworks/R.framework/Versions/4.1/Resources/library/withr",
      "loadedpath": "/Library/Frameworks/R.framework/Versions/4.1/Resources/library/withr",
      "attached": false,
      "is_base": false,
      "date": "2024-01-16",
      "source": "CRAN (R 4.1.0)",
      "library": "/Library/Frameworks/R.framework/Versions/4.1/Resources/library",
      "_row": "withr"
    },
    {
      "package": "xfun",
      "ondiskversion": "0.39",
      "loadedversion": "0.39",
      "path": "/Library/Frameworks/R.framework/Versions/4.1/Resources/library/xfun",
      "loadedpath": "/Library/Frameworks/R.framework/Versions/4.1/Resources/library/xfun",
      "attached": false,
      "is_base": false,
      "date": "2023-04-20",
      "source": "CRAN (R 4.1.2)",
      "library": "/Library/Frameworks/R.framework/Versions/4.1/Resources/library",
      "_row": "xfun"
    },
    {
      "package": "yaml",
      "ondiskversion": "2.3.7",
      "loadedversion": "2.3.7",
      "path": "/Library/Frameworks/R.framework/Versions/4.1/Resources/library/yaml",
      "loadedpath": "/Library/Frameworks/R.framework/Versions/4.1/Resources/library/yaml",
      "attached": false,
      "is_base": false,
      "date": "2023-01-23",
      "source": "CRAN (R 4.1.2)",
      "library": "/Library/Frameworks/R.framework/Versions/4.1/Resources/library",
      "_row": "yaml"
    }
  ]
}
