{
  "time": "2024-04-11 13:18:48",
  "level": "SUCCESS",
  "ns": "global",
  "ans": "global",
  "topenv": "R_GlobalEnv",
  "fn": "setup_logging",
  "node": "Prashanths-MacBook-Pro.local",
  "arch": "x86_64",
  "os_name": "Darwin",
  "os_release": "22.6.0",
  "os_version": "Darwin Kernel Version 22.6.0: Mon Feb 19 19:48:53 PST 2024; root:xnu-8796.141.3.704.6~1/RELEASE_X86_64",
  "pid": 29261,
  "user": "praishnavi",
  "msg": "[\"Completed configuring logging\"]"
}
{
  "time": "2024-04-11 13:18:48",
  "level": "INFO",
  "ns": "namespace:process",
  "ans": "global",
  "topenv": "namespace:process",
  "fn": ".f",
  "node": "Prashanths-MacBook-Pro.local",
  "arch": "x86_64",
  "os_name": "Darwin",
  "os_release": "22.6.0",
  "os_version": "Darwin Kernel Version 22.6.0: Mon Feb 19 19:48:53 PST 2024; root:xnu-8796.141.3.704.6~1/RELEASE_X86_64",
  "pid": 29261,
  "user": "praishnavi",
  "msg": "[\"Reading log file: ../data/raw/diet-log-part-1.csv\"]"
}
{
  "time": "2024-04-11 13:18:48",
  "level": "SUCCESS",
  "ns": "namespace:process",
  "ans": "global",
  "topenv": "namespace:process",
  "fn": "doTryCatch",
  "node": "Prashanths-MacBook-Pro.local",
  "arch": "x86_64",
  "os_name": "Darwin",
  "os_release": "22.6.0",
  "os_version": "Darwin Kernel Version 22.6.0: Mon Feb 19 19:48:53 PST 2024; root:xnu-8796.141.3.704.6~1/RELEASE_X86_64",
  "pid": 29261,
  "user": "praishnavi",
  "msg": "[\"Successfully read log file: ../data/raw/diet-log-part-1.csv; \",\"Rows: 80; \",\"Columns: |datetime, value, activity, date, time|\"]"
}
{
  "time": "2024-04-11 13:18:48",
  "level": "INFO",
  "ns": "namespace:process",
  "ans": "global",
  "topenv": "namespace:process",
  "fn": ".f",
  "node": "Prashanths-MacBook-Pro.local",
  "arch": "x86_64",
  "os_name": "Darwin",
  "os_release": "22.6.0",
  "os_version": "Darwin Kernel Version 22.6.0: Mon Feb 19 19:48:53 PST 2024; root:xnu-8796.141.3.704.6~1/RELEASE_X86_64",
  "pid": 29261,
  "user": "praishnavi",
  "msg": "[\"Reading log file: ../data/raw/diet-log-part-2.csv\"]"
}
{
  "time": "2024-04-11 13:18:48",
  "level": "SUCCESS",
  "ns": "namespace:process",
  "ans": "global",
  "topenv": "namespace:process",
  "fn": "doTryCatch",
  "node": "Prashanths-MacBook-Pro.local",
  "arch": "x86_64",
  "os_name": "Darwin",
  "os_release": "22.6.0",
  "os_version": "Darwin Kernel Version 22.6.0: Mon Feb 19 19:48:53 PST 2024; root:xnu-8796.141.3.704.6~1/RELEASE_X86_64",
  "pid": 29261,
  "user": "praishnavi",
  "msg": "[\"Successfully read log file: ../data/raw/diet-log-part-2.csv; \",\"Rows: 88; \",\"Columns: |datetime, value, activity, date, time|\"]"
}
{
  "time": "2024-04-11 13:18:48",
  "level": "TRACE",
  "ns": "global",
  "ans": "global",
  "topenv": "R_GlobalEnv",
  "fn": "save_activities",
  "node": "Prashanths-MacBook-Pro.local",
  "arch": "x86_64",
  "os_name": "Darwin",
  "os_release": "22.6.0",
  "os_version": "Darwin Kernel Version 22.6.0: Mon Feb 19 19:48:53 PST 2024; root:xnu-8796.141.3.704.6~1/RELEASE_X86_64",
  "pid": 29261,
  "user": "praishnavi",
  "msg": "[\"Processing activities\"]"
}
{
  "time": "2024-04-11 13:18:48",
  "level": "INFO",
  "ns": "namespace:process",
  "ans": "global",
  "topenv": "namespace:process",
  "fn": "process[[\"process_activities\"]]",
  "node": "Prashanths-MacBook-Pro.local",
  "arch": "x86_64",
  "os_name": "Darwin",
  "os_release": "22.6.0",
  "os_version": "Darwin Kernel Version 22.6.0: Mon Feb 19 19:48:53 PST 2024; root:xnu-8796.141.3.704.6~1/RELEASE_X86_64",
  "pid": 29261,
  "user": "praishnavi",
  "msg": "[\"Processing activities of type: meal\"]"
}
{
  "time": "2024-04-11 13:18:48",
  "level": "SUCCESS",
  "ns": "namespace:process",
  "ans": "global",
  "topenv": "namespace:process",
  "fn": "process[[\"process_activities\"]]",
  "node": "Prashanths-MacBook-Pro.local",
  "arch": "x86_64",
  "os_name": "Darwin",
  "os_release": "22.6.0",
  "os_version": "Darwin Kernel Version 22.6.0: Mon Feb 19 19:48:53 PST 2024; root:xnu-8796.141.3.704.6~1/RELEASE_X86_64",
  "pid": 29261,
  "user": "praishnavi",
  "msg": "[\"Processed and cleaned data; \",\"Rows: 121; \",\"Columns: |type; description; date; time|\"]"
}
{
  "time": "2024-04-11 13:18:48",
  "level": "INFO",
  "ns": "namespace:process",
  "ans": "global",
  "topenv": "namespace:process",
  "fn": "process[[\"process_activities\"]]",
  "node": "Prashanths-MacBook-Pro.local",
  "arch": "x86_64",
  "os_name": "Darwin",
  "os_release": "22.6.0",
  "os_version": "Darwin Kernel Version 22.6.0: Mon Feb 19 19:48:53 PST 2024; root:xnu-8796.141.3.704.6~1/RELEASE_X86_64",
  "pid": 29261,
  "user": "praishnavi",
  "msg": "[\"Applying mutations for activity type: meal\"]"
}
{
  "time": "2024-04-11 13:18:48",
  "level": "INFO",
  "ns": "namespace:process",
  "ans": "global",
  "topenv": "namespace:process",
  "fn": "process[[\"process_activities\"]]",
  "node": "Prashanths-MacBook-Pro.local",
  "arch": "x86_64",
  "os_name": "Darwin",
  "os_release": "22.6.0",
  "os_version": "Darwin Kernel Version 22.6.0: Mon Feb 19 19:48:53 PST 2024; root:xnu-8796.141.3.704.6~1/RELEASE_X86_64",
  "pid": 29261,
  "user": "praishnavi",
  "msg": "[\"Applying transformation 'multi_str_replace_all' to column 'type' for activity type: meal\"]"
}
{
  "time": "2024-04-11 13:18:48",
  "level": "INFO",
  "ns": "namespace:process",
  "ans": "global",
  "topenv": "namespace:process",
  "fn": "process[[\"process_activities\"]]",
  "node": "Prashanths-MacBook-Pro.local",
  "arch": "x86_64",
  "os_name": "Darwin",
  "os_release": "22.6.0",
  "os_version": "Darwin Kernel Version 22.6.0: Mon Feb 19 19:48:53 PST 2024; root:xnu-8796.141.3.704.6~1/RELEASE_X86_64",
  "pid": 29261,
  "user": "praishnavi",
  "msg": "[\"Applying transformation 'as.factor' to column 'common_type' for activity type: meal\"]"
}
{
  "time": "2024-04-11 13:18:48",
  "level": "SUCCESS",
  "ns": "namespace:process",
  "ans": "global",
  "topenv": "namespace:process",
  "fn": "process[[\"process_activities\"]]",
  "node": "Prashanths-MacBook-Pro.local",
  "arch": "x86_64",
  "os_name": "Darwin",
  "os_release": "22.6.0",
  "os_version": "Darwin Kernel Version 22.6.0: Mon Feb 19 19:48:53 PST 2024; root:xnu-8796.141.3.704.6~1/RELEASE_X86_64",
  "pid": 29261,
  "user": "praishnavi",
  "msg": "[\"Completed processing activities of type: meal\"]"
}
{
  "time": "2024-04-11 13:18:48",
  "level": "SUCCESS",
  "ns": "namespace:io",
  "ans": "global",
  "topenv": "namespace:io",
  "fn": "doTryCatch",
  "node": "Prashanths-MacBook-Pro.local",
  "arch": "x86_64",
  "os_name": "Darwin",
  "os_release": "22.6.0",
  "os_version": "Darwin Kernel Version 22.6.0: Mon Feb 19 19:48:53 PST 2024; root:xnu-8796.141.3.704.6~1/RELEASE_X86_64",
  "pid": 29261,
  "user": "praishnavi",
  "msg": "[\"✓ meals.rds data saved to: ../data/processed/meals.rds\"]"
}
{
  "time": "2024-04-11 13:18:48",
  "level": "INFO",
  "ns": "namespace:process",
  "ans": "global",
  "topenv": "namespace:process",
  "fn": "process[[\"process_activities\"]]",
  "node": "Prashanths-MacBook-Pro.local",
  "arch": "x86_64",
  "os_name": "Darwin",
  "os_release": "22.6.0",
  "os_version": "Darwin Kernel Version 22.6.0: Mon Feb 19 19:48:53 PST 2024; root:xnu-8796.141.3.704.6~1/RELEASE_X86_64",
  "pid": 29261,
  "user": "praishnavi",
  "msg": "[\"Processing activities of type: exercise\"]"
}
{
  "time": "2024-04-11 13:18:49",
  "level": "SUCCESS",
  "ns": "namespace:process",
  "ans": "global",
  "topenv": "namespace:process",
  "fn": "process[[\"process_activities\"]]",
  "node": "Prashanths-MacBook-Pro.local",
  "arch": "x86_64",
  "os_name": "Darwin",
  "os_release": "22.6.0",
  "os_version": "Darwin Kernel Version 22.6.0: Mon Feb 19 19:48:53 PST 2024; root:xnu-8796.141.3.704.6~1/RELEASE_X86_64",
  "pid": 29261,
  "user": "praishnavi",
  "msg": "[\"Processed and cleaned data; \",\"Rows: 25; \",\"Columns: |duration_mins; type; calories_burned; date; time|\"]"
}
{
  "time": "2024-04-11 13:18:49",
  "level": "INFO",
  "ns": "namespace:process",
  "ans": "global",
  "topenv": "namespace:process",
  "fn": "process[[\"process_activities\"]]",
  "node": "Prashanths-MacBook-Pro.local",
  "arch": "x86_64",
  "os_name": "Darwin",
  "os_release": "22.6.0",
  "os_version": "Darwin Kernel Version 22.6.0: Mon Feb 19 19:48:53 PST 2024; root:xnu-8796.141.3.704.6~1/RELEASE_X86_64",
  "pid": 29261,
  "user": "praishnavi",
  "msg": "[\"No mutations defined for activity type: exercise\"]"
}
{
  "time": "2024-04-11 13:18:49",
  "level": "SUCCESS",
  "ns": "namespace:process",
  "ans": "global",
  "topenv": "namespace:process",
  "fn": "process[[\"process_activities\"]]",
  "node": "Prashanths-MacBook-Pro.local",
  "arch": "x86_64",
  "os_name": "Darwin",
  "os_release": "22.6.0",
  "os_version": "Darwin Kernel Version 22.6.0: Mon Feb 19 19:48:53 PST 2024; root:xnu-8796.141.3.704.6~1/RELEASE_X86_64",
  "pid": 29261,
  "user": "praishnavi",
  "msg": "[\"Completed processing activities of type: exercise\"]"
}
{
  "time": "2024-04-11 13:18:49",
  "level": "SUCCESS",
  "ns": "namespace:io",
  "ans": "global",
  "topenv": "namespace:io",
  "fn": "doTryCatch",
  "node": "Prashanths-MacBook-Pro.local",
  "arch": "x86_64",
  "os_name": "Darwin",
  "os_release": "22.6.0",
  "os_version": "Darwin Kernel Version 22.6.0: Mon Feb 19 19:48:53 PST 2024; root:xnu-8796.141.3.704.6~1/RELEASE_X86_64",
  "pid": 29261,
  "user": "praishnavi",
  "msg": "[\"✓ exercises.rds data saved to: ../data/processed/exercises.rds\"]"
}
{
  "time": "2024-04-11 13:18:49",
  "level": "INFO",
  "ns": "namespace:process",
  "ans": "global",
  "topenv": "namespace:process",
  "fn": "process[[\"process_activities\"]]",
  "node": "Prashanths-MacBook-Pro.local",
  "arch": "x86_64",
  "os_name": "Darwin",
  "os_release": "22.6.0",
  "os_version": "Darwin Kernel Version 22.6.0: Mon Feb 19 19:48:53 PST 2024; root:xnu-8796.141.3.704.6~1/RELEASE_X86_64",
  "pid": 29261,
  "user": "praishnavi",
  "msg": "[\"Processing activities of type: weight\"]"
}
{
  "time": "2024-04-11 13:18:49",
  "level": "SUCCESS",
  "ns": "namespace:process",
  "ans": "global",
  "topenv": "namespace:process",
  "fn": "process[[\"process_activities\"]]",
  "node": "Prashanths-MacBook-Pro.local",
  "arch": "x86_64",
  "os_name": "Darwin",
  "os_release": "22.6.0",
  "os_version": "Darwin Kernel Version 22.6.0: Mon Feb 19 19:48:53 PST 2024; root:xnu-8796.141.3.704.6~1/RELEASE_X86_64",
  "pid": 29261,
  "user": "praishnavi",
  "msg": "[\"Processed and cleaned data; \",\"Rows: 22; \",\"Columns: |weight_lbs; date; time|\"]"
}
{
  "time": "2024-04-11 13:18:49",
  "level": "INFO",
  "ns": "namespace:process",
  "ans": "global",
  "topenv": "namespace:process",
  "fn": "process[[\"process_activities\"]]",
  "node": "Prashanths-MacBook-Pro.local",
  "arch": "x86_64",
  "os_name": "Darwin",
  "os_release": "22.6.0",
  "os_version": "Darwin Kernel Version 22.6.0: Mon Feb 19 19:48:53 PST 2024; root:xnu-8796.141.3.704.6~1/RELEASE_X86_64",
  "pid": 29261,
  "user": "praishnavi",
  "msg": "[\"No mutations defined for activity type: weight\"]"
}
{
  "time": "2024-04-11 13:18:49",
  "level": "SUCCESS",
  "ns": "namespace:process",
  "ans": "global",
  "topenv": "namespace:process",
  "fn": "process[[\"process_activities\"]]",
  "node": "Prashanths-MacBook-Pro.local",
  "arch": "x86_64",
  "os_name": "Darwin",
  "os_release": "22.6.0",
  "os_version": "Darwin Kernel Version 22.6.0: Mon Feb 19 19:48:53 PST 2024; root:xnu-8796.141.3.704.6~1/RELEASE_X86_64",
  "pid": 29261,
  "user": "praishnavi",
  "msg": "[\"Completed processing activities of type: weight\"]"
}
{
  "time": "2024-04-11 13:18:49",
  "level": "SUCCESS",
  "ns": "namespace:io",
  "ans": "global",
  "topenv": "namespace:io",
  "fn": "doTryCatch",
  "node": "Prashanths-MacBook-Pro.local",
  "arch": "x86_64",
  "os_name": "Darwin",
  "os_release": "22.6.0",
  "os_version": "Darwin Kernel Version 22.6.0: Mon Feb 19 19:48:53 PST 2024; root:xnu-8796.141.3.704.6~1/RELEASE_X86_64",
  "pid": 29261,
  "user": "praishnavi",
  "msg": "[\"✓ weights.rds data saved to: ../data/processed/weights.rds\"]"
}
{
  "time": "2024-04-11 13:18:49",
  "level": "TRACE",
  "ns": "global",
  "ans": "global",
  "topenv": "R_GlobalEnv",
  "fn": "save_activities",
  "node": "Prashanths-MacBook-Pro.local",
  "arch": "x86_64",
  "os_name": "Darwin",
  "os_release": "22.6.0",
  "os_version": "Darwin Kernel Version 22.6.0: Mon Feb 19 19:48:53 PST 2024; root:xnu-8796.141.3.704.6~1/RELEASE_X86_64",
  "pid": 29261,
  "user": "praishnavi",
  "msg": "[\"Completed processing activities\"]"
}
{
  "time": "2024-04-11 13:18:49",
  "level": "TRACE",
  "ns": "global",
  "ans": "global",
  "topenv": "R_GlobalEnv",
  "fn": "save_session_info",
  "node": "Prashanths-MacBook-Pro.local",
  "arch": "x86_64",
  "os_name": "Darwin",
  "os_release": "22.6.0",
  "os_version": "Darwin Kernel Version 22.6.0: Mon Feb 19 19:48:53 PST 2024; root:xnu-8796.141.3.704.6~1/RELEASE_X86_64",
  "pid": 29261,
  "user": "praishnavi",
  "msg": "[\"Saving session_info to ../logs/process_sessioninfo_20240411131848.log\"]"
}
