{
  "platform": {
    "version": "R version 4.1.0 (2021-05-18)",
    "os": "macOS 13.6.6",
    "system": "x86_64, darwin17.0",
    "ui": "unknown",
    "language": "(EN)",
    "collate": "en_US.UTF-8",
    "ctype": "en_US.UTF-8",
    "tz": "America/Los_Angeles",
    "date": "2024-04-11",
    "pandoc": "3.1.11.1 @ /usr/local/bin/pandoc"
  },
  "packages": [
    {
      "package": "anytime",
      "ondiskversion": "0.3.9",
      "loadedversion": "0.3.9",
      "path": "/Library/Frameworks/R.framework/Versions/4.1/Resources/library/anytime",
      "loadedpath": "/Library/Frameworks/R.framework/Versions/4.1/Resources/library/anytime",
      "attached": false,
      "is_base": false,
      "date": "2020-08-27",
      "source": "CRAN (R 4.1.0)",
      "library": "/Library/Frameworks/R.framework/Versions/4.1/Resources/library",
      "_row": "anytime"
    },
    {
      "package": "arrow",
      "ondiskversion": "14.0.2.1",
      "loadedversion": "14.0.2.1",
      "path": "/Library/Frameworks/R.framework/Versions/4.1/Resources/library/arrow",
      "loadedpath": "/Library/Frameworks/R.framework/Versions/4.1/Resources/library/arrow",
      "attached": false,
      "is_base": false,
      "date": "2024-02-23",
      "source": "CRAN (R 4.1.0)",
      "library": "/Library/Frameworks/R.framework/Versions/4.1/Resources/library",
      "_row": "arrow"
    },
    {
      "package": "assertthat",
      "ondiskversion": "0.2.1",
      "loadedversion": "0.2.1",
      "path": "/Library/Frameworks/R.framework/Versions/4.1/Resources/library/assertthat",
      "loadedpath": "/Library/Frameworks/R.framework/Versions/4.1/Resources/library/assertthat",
      "attached": false,
      "is_base": false,
      "date": "2019-03-21",
      "source": "CRAN (R 4.1.0)",
      "library": "/Library/Frameworks/R.framework/Versions/4.1/Resources/library",
      "_row": "assertthat"
    },
    {
      "package": "bit",
      "ondiskversion": "4.0.5",
      "loadedversion": "4.0.5",
      "path": "/Library/Frameworks/R.framework/Versions/4.1/Resources/library/bit",
      "loadedpath": "/Library/Frameworks/R.framework/Versions/4.1/Resources/library/bit",
      "attached": false,
      "is_base": false,
      "date": "2022-11-15",
      "source": "CRAN (R 4.1.2)",
      "library": "/Library/Frameworks/R.framework/Versions/4.1/Resources/library",
      "_row": "bit"
    },
    {
      "package": "bit64",
      "ondiskversion": "4.0.5",
      "loadedversion": "4.0.5",
      "path": "/Library/Frameworks/R.framework/Versions/4.1/Resources/library/bit64",
      "loadedpath": "/Library/Frameworks/R.framework/Versions/4.1/Resources/library/bit64",
      "attached": false,
      "is_base": false,
      "date": "2020-08-30",
      "source": "CRAN (R 4.1.0)",
      "library": "/Library/Frameworks/R.framework/Versions/4.1/Resources/library",
      "_row": "bit64"
    },
    {
      "package": "box",
      "ondiskversion": "1.2.0",
      "loadedversion": "1.2.0",
      "path": "/Library/Frameworks/R.framework/Versions/4.1/Resources/library/box",
      "loadedpath": "/Library/Frameworks/R.framework/Versions/4.1/Resources/library/box",
      "attached": false,
      "is_base": false,
      "date": "2024-02-06",
      "source": "CRAN (R 4.1.0)",
      "library": "/Library/Frameworks/R.framework/Versions/4.1/Resources/library",
      "_row": "box"
    },
    {
      "package": "cli",
      "ondiskversion": "3.6.2",
      "loadedversion": "3.6.2",
      "path": "/Library/Frameworks/R.framework/Versions/4.1/Resources/library/cli",
      "loadedpath": "/Library/Frameworks/R.framework/Versions/4.1/Resources/library/cli",
      "attached": false,
      "is_base": false,
      "date": "2023-12-11",
      "source": "CRAN (R 4.1.0)",
      "library": "/Library/Frameworks/R.framework/Versions/4.1/Resources/library",
      "_row": "cli"
    },
    {
      "package": "crayon",
      "ondiskversion": "1.5.2",
      "loadedversion": "1.5.2",
      "path": "/Library/Frameworks/R.framework/Versions/4.1/Resources/library/crayon",
      "loadedpath": "/Library/Frameworks/R.framework/Versions/4.1/Resources/library/crayon",
      "attached": false,
      "is_base": false,
      "date": "2022-09-29",
      "source": "CRAN (R 4.1.2)",
      "library": "/Library/Frameworks/R.framework/Versions/4.1/Resources/library",
      "_row": "crayon"
    },
    {
      "package": "docopt",
      "ondiskversion": "0.7.1",
      "loadedversion": "0.7.1",
      "path": "/Library/Frameworks/R.framework/Versions/4.1/Resources/library/docopt",
      "loadedpath": "/Library/Frameworks/R.framework/Versions/4.1/Resources/library/docopt",
      "attached": false,
      "is_base": false,
      "date": "2020-06-24",
      "source": "CRAN (R 4.1.0)",
      "library": "/Library/Frameworks/R.framework/Versions/4.1/Resources/library",
      "_row": "docopt"
    },
    {
      "package": "dplyr",
      "ondiskversion": "1.1.2",
      "loadedversion": "1.1.2",
      "path": "/Library/Frameworks/R.framework/Versions/4.1/Resources/library/dplyr",
      "loadedpath": "/Library/Frameworks/R.framework/Versions/4.1/Resources/library/dplyr",
      "attached": false,
      "is_base": false,
      "date": "2023-04-20",
      "source": "CRAN (R 4.1.2)",
      "library": "/Library/Frameworks/R.framework/Versions/4.1/Resources/library",
      "_row": "dplyr"
    },
    {
      "package": "ellipsis",
      "ondiskversion": "0.3.2",
      "loadedversion": "0.3.2",
      "path": "/Library/Frameworks/R.framework/Versions/4.1/Resources/library/ellipsis",
      "loadedpath": "/Library/Frameworks/R.framework/Versions/4.1/Resources/library/ellipsis",
      "attached": false,
      "is_base": false,
      "date": "2021-04-29",
      "source": "CRAN (R 4.1.0)",
      "library": "/Library/Frameworks/R.framework/Versions/4.1/Resources/library",
      "_row": "ellipsis"
    },
    {
      "package": "fansi",
      "ondiskversion": "1.0.6",
      "loadedversion": "1.0.6",
      "path": "/Library/Frameworks/R.framework/Versions/4.1/Resources/library/fansi",
      "loadedpath": "/Library/Frameworks/R.framework/Versions/4.1/Resources/library/fansi",
      "attached": false,
      "is_base": false,
      "date": "2023-12-08",
      "source": "CRAN (R 4.1.0)",
      "library": "/Library/Frameworks/R.framework/Versions/4.1/Resources/library",
      "_row": "fansi"
    },
    {
      "package": "fs",
      "ondiskversion": "1.6.3",
      "loadedversion": "1.6.3",
      "path": "/Library/Frameworks/R.framework/Versions/4.1/Resources/library/fs",
      "loadedpath": "/Library/Frameworks/R.framework/Versions/4.1/Resources/library/fs",
      "attached": false,
      "is_base": false,
      "date": "2023-07-20",
      "source": "CRAN (R 4.1.0)",
      "library": "/Library/Frameworks/R.framework/Versions/4.1/Resources/library",
      "_row": "fs"
    },
    {
      "package": "generics",
      "ondiskversion": "0.1.0",
      "loadedversion": "0.1.0",
      "path": "/Library/Frameworks/R.framework/Versions/4.1/Resources/library/generics",
      "loadedpath": "/Library/Frameworks/R.framework/Versions/4.1/Resources/library/generics",
      "attached": false,
      "is_base": false,
      "date": "2020-10-31",
      "source": "CRAN (R 4.1.0)",
      "library": "/Library/Frameworks/R.framework/Versions/4.1/Resources/library",
      "_row": "generics"
    },
    {
      "package": "glue",
      "ondiskversion": "1.7.0",
      "loadedversion": "1.7.0",
      "path": "/Library/Frameworks/R.framework/Versions/4.1/Resources/library/glue",
      "loadedpath": "/Library/Frameworks/R.framework/Versions/4.1/Resources/library/glue",
      "attached": false,
      "is_base": false,
      "date": "2024-01-09",
      "source": "CRAN (R 4.1.0)",
      "library": "/Library/Frameworks/R.framework/Versions/4.1/Resources/library",
      "_row": "glue"
    },
    {
      "package": "hms",
      "ondiskversion": "1.1.3",
      "loadedversion": "1.1.3",
      "path": "/Library/Frameworks/R.framework/Versions/4.1/Resources/library/hms",
      "loadedpath": "/Library/Frameworks/R.framework/Versions/4.1/Resources/library/hms",
      "attached": false,
      "is_base": false,
      "date": "2023-03-21",
      "source": "CRAN (R 4.1.2)",
      "library": "/Library/Frameworks/R.framework/Versions/4.1/Resources/library",
      "_row": "hms"
    },
    {
      "package": "jsonlite",
      "ondiskversion": "1.8.4",
      "loadedversion": "1.8.4",
      "path": "/Library/Frameworks/R.framework/Versions/4.1/Resources/library/jsonlite",
      "loadedpath": "/Library/Frameworks/R.framework/Versions/4.1/Resources/library/jsonlite",
      "attached": false,
      "is_base": false,
      "date": "2022-12-06",
      "source": "CRAN (R 4.1.2)",
      "library": "/Library/Frameworks/R.framework/Versions/4.1/Resources/library",
      "_row": "jsonlite"
    },
    {
      "package": "lifecycle",
      "ondiskversion": "1.0.4",
      "loadedversion": "1.0.4",
      "path": "/Library/Frameworks/R.framework/Versions/4.1/Resources/library/lifecycle",
      "loadedpath": "/Library/Frameworks/R.framework/Versions/4.1/Resources/library/lifecycle",
      "attached": false,
      "is_base": false,
      "date": "2023-11-07",
      "source": "CRAN (R 4.1.0)",
      "library": "/Library/Frameworks/R.framework/Versions/4.1/Resources/library",
      "_row": "lifecycle"
    },
    {
      "package": "logger",
      "ondiskversion": "0.3.0",
      "loadedversion": "0.3.0",
      "path": "/Library/Frameworks/R.framework/Versions/4.1/Resources/library/logger",
      "loadedpath": "/Library/Frameworks/R.framework/Versions/4.1/Resources/library/logger",
      "attached": false,
      "is_base": false,
      "date": "2024-03-05",
      "source": "CRAN (R 4.1.0)",
      "library": "/Library/Frameworks/R.framework/Versions/4.1/Resources/library",
      "_row": "logger"
    },
    {
      "package": "lubridate",
      "ondiskversion": "1.9.2",
      "loadedversion": "1.9.2",
      "path": "/Library/Frameworks/R.framework/Versions/4.1/Resources/library/lubridate",
      "loadedpath": "/Library/Frameworks/R.framework/Versions/4.1/Resources/library/lubridate",
      "attached": false,
      "is_base": false,
      "date": "2023-02-10",
      "source": "CRAN (R 4.1.2)",
      "library": "/Library/Frameworks/R.framework/Versions/4.1/Resources/library",
      "_row": "lubridate"
    },
    {
      "package": "magrittr",
      "ondiskversion": "2.0.3",
      "loadedversion": "2.0.3",
      "path": "/Library/Frameworks/R.framework/Versions/4.1/Resources/library/magrittr",
      "loadedpath": "/Library/Frameworks/R.framework/Versions/4.1/Resources/library/magrittr",
      "attached": false,
      "is_base": false,
      "date": "2022-03-30",
      "source": "CRAN (R 4.1.2)",
      "library": "/Library/Frameworks/R.framework/Versions/4.1/Resources/library",
      "_row": "magrittr"
    },
    {
      "package": "pillar",
      "ondiskversion": "1.9.0",
      "loadedversion": "1.9.0",
      "path": "/Library/Frameworks/R.framework/Versions/4.1/Resources/library/pillar",
      "loadedpath": "/Library/Frameworks/R.framework/Versions/4.1/Resources/library/pillar",
      "attached": false,
      "is_base": false,
      "date": "2023-03-22",
      "source": "CRAN (R 4.1.2)",
      "library": "/Library/Frameworks/R.framework/Versions/4.1/Resources/library",
      "_row": "pillar"
    },
    {
      "package": "pkgconfig",
      "ondiskversion": "2.0.3",
      "loadedversion": "2.0.3",
      "path": "/Library/Frameworks/R.framework/Versions/4.1/Resources/library/pkgconfig",
      "loadedpath": "/Library/Frameworks/R.framework/Versions/4.1/Resources/library/pkgconfig",
      "attached": false,
      "is_base": false,
      "date": "2019-09-22",
      "source": "CRAN (R 4.1.0)",
      "library": "/Library/Frameworks/R.framework/Versions/4.1/Resources/library",
      "_row": "pkgconfig"
    },
    {
      "package": "purrr",
      "ondiskversion": "1.0.1",
      "loadedversion": "1.0.1",
      "path": "/Library/Frameworks/R.framework/Versions/4.1/Resources/library/purrr",
      "loadedpath": "/Library/Frameworks/R.framework/Versions/4.1/Resources/library/purrr",
      "attached": false,
      "is_base": false,
      "date": "2023-01-10",
      "source": "CRAN (R 4.1.2)",
      "library": "/Library/Frameworks/R.framework/Versions/4.1/Resources/library",
      "_row": "purrr"
    },
    {
      "package": "R6",
      "ondiskversion": "2.5.1",
      "loadedversion": "2.5.1",
      "path": "/Library/Frameworks/R.framework/Versions/4.1/Resources/library/R6",
      "loadedpath": "/Library/Frameworks/R.framework/Versions/4.1/Resources/library/R6",
      "attached": false,
      "is_base": false,
      "date": "2021-08-19",
      "source": "CRAN (R 4.1.0)",
      "library": "/Library/Frameworks/R.framework/Versions/4.1/Resources/library",
      "_row": "R6"
    },
    {
      "package": "Rcpp",
      "ondiskversion": "1.0.10",
      "loadedversion": "1.0.10",
      "path": "/Library/Frameworks/R.framework/Versions/4.1/Resources/library/Rcpp",
      "loadedpath": "/Library/Frameworks/R.framework/Versions/4.1/Resources/library/Rcpp",
      "attached": false,
      "is_base": false,
      "date": "2023-01-22",
      "source": "CRAN (R 4.1.2)",
      "library": "/Library/Frameworks/R.framework/Versions/4.1/Resources/library",
      "_row": "Rcpp"
    },
    {
      "package": "readr",
      "ondiskversion": "2.1.4",
      "loadedversion": "2.1.4",
      "path": "/Library/Frameworks/R.framework/Versions/4.1/Resources/library/readr",
      "loadedpath": "/Library/Frameworks/R.framework/Versions/4.1/Resources/library/readr",
      "attached": false,
      "is_base": false,
      "date": "2023-02-10",
      "source": "CRAN (R 4.1.2)",
      "library": "/Library/Frameworks/R.framework/Versions/4.1/Resources/library",
      "_row": "readr"
    },
    {
      "package": "rlang",
      "ondiskversion": "1.1.3",
      "loadedversion": "1.1.3",
      "path": "/Library/Frameworks/R.framework/Versions/4.1/Resources/library/rlang",
      "loadedpath": "/Library/Frameworks/R.framework/Versions/4.1/Resources/library/rlang",
      "attached": false,
      "is_base": false,
      "date": "2024-01-10",
      "source": "CRAN (R 4.1.0)",
      "library": "/Library/Frameworks/R.framework/Versions/4.1/Resources/library",
      "_row": "rlang"
    },
    {
      "package": "rstudioapi",
      "ondiskversion": "0.14",
      "loadedversion": "0.14",
      "path": "/Library/Frameworks/R.framework/Versions/4.1/Resources/library/rstudioapi",
      "loadedpath": "/Library/Frameworks/R.framework/Versions/4.1/Resources/library/rstudioapi",
      "attached": false,
      "is_base": false,
      "date": "2022-08-22",
      "source": "CRAN (R 4.1.2)",
      "library": "/Library/Frameworks/R.framework/Versions/4.1/Resources/library",
      "_row": "rstudioapi"
    },
    {
      "package": "sessioninfo",
      "ondiskversion": "1.2.2",
      "loadedversion": "1.2.2",
      "path": "/Library/Frameworks/R.framework/Versions/4.1/Resources/library/sessioninfo",
      "loadedpath": "/Library/Frameworks/R.framework/Versions/4.1/Resources/library/sessioninfo",
      "attached": false,
      "is_base": false,
      "date": "2021-12-06",
      "source": "CRAN (R 4.1.0)",
      "library": "/Library/Frameworks/R.framework/Versions/4.1/Resources/library",
      "_row": "sessioninfo"
    },
    {
      "package": "stringi",
      "ondiskversion": "1.6.2",
      "loadedversion": "1.6.2",
      "path": "/Library/Frameworks/R.framework/Versions/4.1/Resources/library/stringi",
      "loadedpath": "/Library/Frameworks/R.framework/Versions/4.1/Resources/library/stringi",
      "attached": false,
      "is_base": false,
      "date": "2021-05-17",
      "source": "CRAN (R 4.1.0)",
      "library": "/Library/Frameworks/R.framework/Versions/4.1/Resources/library",
      "_row": "stringi"
    },
    {
      "package": "stringr",
      "ondiskversion": "1.5.0",
      "loadedversion": "1.5.0",
      "path": "/Library/Frameworks/R.framework/Versions/4.1/Resources/library/stringr",
      "loadedpath": "/Library/Frameworks/R.framework/Versions/4.1/Resources/library/stringr",
      "attached": false,
      "is_base": false,
      "date": "2022-12-02",
      "source": "CRAN (R 4.1.2)",
      "library": "/Library/Frameworks/R.framework/Versions/4.1/Resources/library",
      "_row": "stringr"
    },
    {
      "package": "tibble",
      "ondiskversion": "3.2.1",
      "loadedversion": "3.2.1",
      "path": "/Library/Frameworks/R.framework/Versions/4.1/Resources/library/tibble",
      "loadedpath": "/Library/Frameworks/R.framework/Versions/4.1/Resources/library/tibble",
      "attached": false,
      "is_base": false,
      "date": "2023-03-20",
      "source": "CRAN (R 4.1.2)",
      "library": "/Library/Frameworks/R.framework/Versions/4.1/Resources/library",
      "_row": "tibble"
    },
    {
      "package": "tidyr",
      "ondiskversion": "1.3.0",
      "loadedversion": "1.3.0",
      "path": "/Library/Frameworks/R.framework/Versions/4.1/Resources/library/tidyr",
      "loadedpath": "/Library/Frameworks/R.framework/Versions/4.1/Resources/library/tidyr",
      "attached": false,
      "is_base": false,
      "date": "2023-01-24",
      "source": "CRAN (R 4.1.2)",
      "library": "/Library/Frameworks/R.framework/Versions/4.1/Resources/library",
      "_row": "tidyr"
    },
    {
      "package": "tidyselect",
      "ondiskversion": "1.2.0",
      "loadedversion": "1.2.0",
      "path": "/Library/Frameworks/R.framework/Versions/4.1/Resources/library/tidyselect",
      "loadedpath": "/Library/Frameworks/R.framework/Versions/4.1/Resources/library/tidyselect",
      "attached": false,
      "is_base": false,
      "date": "2022-10-10",
      "source": "CRAN (R 4.1.2)",
      "library": "/Library/Frameworks/R.framework/Versions/4.1/Resources/library",
      "_row": "tidyselect"
    },
    {
      "package": "timechange",
      "ondiskversion": "0.2.0",
      "loadedversion": "0.2.0",
      "path": "/Library/Frameworks/R.framework/Versions/4.1/Resources/library/timechange",
      "loadedpath": "/Library/Frameworks/R.framework/Versions/4.1/Resources/library/timechange",
      "attached": false,
      "is_base": false,
      "date": "2023-01-11",
      "source": "CRAN (R 4.1.2)",
      "library": "/Library/Frameworks/R.framework/Versions/4.1/Resources/library",
      "_row": "timechange"
    },
    {
      "package": "tsibble",
      "ondiskversion": "1.1.4",
      "loadedversion": "1.1.4",
      "path": "/Library/Frameworks/R.framework/Versions/4.1/Resources/library/tsibble",
      "loadedpath": "/Library/Frameworks/R.framework/Versions/4.1/Resources/library/tsibble",
      "attached": false,
      "is_base": false,
      "date": "2024-01-29",
      "source": "CRAN (R 4.1.0)",
      "library": "/Library/Frameworks/R.framework/Versions/4.1/Resources/library",
      "_row": "tsibble"
    },
    {
      "package": "tzdb",
      "ondiskversion": "0.4.0",
      "loadedversion": "0.4.0",
      "path": "/Library/Frameworks/R.framework/Versions/4.1/Resources/library/tzdb",
      "loadedpath": "/Library/Frameworks/R.framework/Versions/4.1/Resources/library/tzdb",
      "attached": false,
      "is_base": false,
      "date": "2023-05-12",
      "source": "CRAN (R 4.1.0)",
      "library": "/Library/Frameworks/R.framework/Versions/4.1/Resources/library",
      "_row": "tzdb"
    },
    {
      "package": "utf8",
      "ondiskversion": "1.2.4",
      "loadedversion": "1.2.4",
      "path": "/Library/Frameworks/R.framework/Versions/4.1/Resources/library/utf8",
      "loadedpath": "/Library/Frameworks/R.framework/Versions/4.1/Resources/library/utf8",
      "attached": false,
      "is_base": false,
      "date": "2023-10-22",
      "source": "CRAN (R 4.1.0)",
      "library": "/Library/Frameworks/R.framework/Versions/4.1/Resources/library",
      "_row": "utf8"
    },
    {
      "package": "vctrs",
      "ondiskversion": "0.6.5",
      "loadedversion": "0.6.5",
      "path": "/Library/Frameworks/R.framework/Versions/4.1/Resources/library/vctrs",
      "loadedpath": "/Library/Frameworks/R.framework/Versions/4.1/Resources/library/vctrs",
      "attached": false,
      "is_base": false,
      "date": "2023-12-01",
      "source": "CRAN (R 4.1.0)",
      "library": "/Library/Frameworks/R.framework/Versions/4.1/Resources/library",
      "_row": "vctrs"
    },
    {
      "package": "vroom",
      "ondiskversion": "1.6.3",
      "loadedversion": "1.6.3",
      "path": "/Library/Frameworks/R.framework/Versions/4.1/Resources/library/vroom",
      "loadedpath": "/Library/Frameworks/R.framework/Versions/4.1/Resources/library/vroom",
      "attached": false,
      "is_base": false,
      "date": "2023-04-28",
      "source": "CRAN (R 4.1.2)",
      "library": "/Library/Frameworks/R.framework/Versions/4.1/Resources/library",
      "_row": "vroom"
    },
    {
      "package": "withr",
      "ondiskversion": "3.0.0",
      "loadedversion": "3.0.0",
      "path": "/Library/Frameworks/R.framework/Versions/4.1/Resources/library/withr",
      "loadedpath": "/Library/Frameworks/R.framework/Versions/4.1/Resources/library/withr",
      "attached": false,
      "is_base": false,
      "date": "2024-01-16",
      "source": "CRAN (R 4.1.0)",
      "library": "/Library/Frameworks/R.framework/Versions/4.1/Resources/library",
      "_row": "withr"
    },
    {
      "package": "yaml",
      "ondiskversion": "2.3.7",
      "loadedversion": "2.3.7",
      "path": "/Library/Frameworks/R.framework/Versions/4.1/Resources/library/yaml",
      "loadedpath": "/Library/Frameworks/R.framework/Versions/4.1/Resources/library/yaml",
      "attached": false,
      "is_base": false,
      "date": "2023-01-23",
      "source": "CRAN (R 4.1.2)",
      "library": "/Library/Frameworks/R.framework/Versions/4.1/Resources/library",
      "_row": "yaml"
    }
  ]
}
